The target system is: Android - 1 - armv7-a
The host system is: Linux - 5.8.0-43-generic - x86_64
Determining if the C compiler works passed with the following output:
Change Dir: /home/t/Bureau/Ges_k0_2020.1213/.buildozer/android/platform/build-armeabi-v7a/build/other_builds/jpeg/armeabi-v7a__ndk_target_21/jpeg/CMakeFiles/CMakeTmp

Run Build Command(s):/usr/bin/make cmTC_a04a0/fast && make -j4 -f CMakeFiles/cmTC_a04a0.dir/build.make CMakeFiles/cmTC_a04a0.dir/build
make[1]: Entering directory '/home/t/Bureau/Ges_k0_2020.1213/.buildozer/android/platform/build-armeabi-v7a/build/other_builds/jpeg/armeabi-v7a__ndk_target_21/jpeg/CMakeFiles/CMakeTmp'
Building C object CMakeFiles/cmTC_a04a0.dir/testCCompiler.c.o
/home/t/.buildozer/android/platform/android-ndk-r19b/toolchains/llvm/prebuilt/linux-x86_64/bin/clang --target=armv7-none-linux-androideabi16 --gcc-toolchain=/home/t/.buildozer/android/platform/android-ndk-r19b/toolchains/llvm/prebuilt/linux-x86_64 --sysroot=/home/t/.buildozer/android/platform/android-ndk-r19b/toolchains/llvm/prebuilt/linux-x86_64/sysroot   -g -DANDROID -fdata-sections -ffunction-sections -funwind-tables -fstack-protector-strong -no-canonical-prefixes -mfpu=vfpv3-d16 -fno-addrsig -march=armv7-a -mthumb -mfpu=neon -Wa,--noexecstack -Wformat -Werror=format-security   -fPIE   -o CMakeFiles/cmTC_a04a0.dir/testCCompiler.c.o   -c /home/t/Bureau/Ges_k0_2020.1213/.buildozer/android/platform/build-armeabi-v7a/build/other_builds/jpeg/armeabi-v7a__ndk_target_21/jpeg/CMakeFiles/CMakeTmp/testCCompiler.c
Linking C executable cmTC_a04a0
/usr/bin/cmake -E cmake_link_script CMakeFiles/cmTC_a04a0.dir/link.txt --verbose=1
/home/t/.buildozer/android/platform/android-ndk-r19b/toolchains/llvm/prebuilt/linux-x86_64/bin/clang --target=armv7-none-linux-androideabi16 --gcc-toolchain=/home/t/.buildozer/android/platform/android-ndk-r19b/toolchains/llvm/prebuilt/linux-x86_64 --sysroot=/home/t/.buildozer/android/platform/android-ndk-r19b/toolchains/llvm/prebuilt/linux-x86_64/sysroot -g -DANDROID -fdata-sections -ffunction-sections -funwind-tables -fstack-protector-strong -no-canonical-prefixes -mfpu=vfpv3-d16 -fno-addrsig -march=armv7-a -mthumb -mfpu=neon -Wa,--noexecstack -Wformat -Werror=format-security    -Wl,--exclude-libs,libgcc.a -Wl,--exclude-libs,libatomic.a -static-libstdc++ -Wl,--build-id -Wl,--warn-shared-textrel -Wl,--fatal-warnings -Wl,--exclude-libs,libunwind.a -Wl,--no-undefined -Qunused-arguments -Wl,-z,noexecstack -Wl,-z,relro -Wl,-z,now -Wl,--gc-sections   CMakeFiles/cmTC_a04a0.dir/testCCompiler.c.o  -o cmTC_a04a0  -latomic -lm 
make[1]: Leaving directory '/home/t/Bureau/Ges_k0_2020.1213/.buildozer/android/platform/build-armeabi-v7a/build/other_builds/jpeg/armeabi-v7a__ndk_target_21/jpeg/CMakeFiles/CMakeTmp'



Detecting C compiler ABI info compiled with the following output:
Change Dir: /home/t/Bureau/Ges_k0_2020.1213/.buildozer/android/platform/build-armeabi-v7a/build/other_builds/jpeg/armeabi-v7a__ndk_target_21/jpeg/CMakeFiles/CMakeTmp

Run Build Command(s):/usr/bin/make cmTC_6d9a7/fast && make -j4 -f CMakeFiles/cmTC_6d9a7.dir/build.make CMakeFiles/cmTC_6d9a7.dir/build
make[1]: Entering directory '/home/t/Bureau/Ges_k0_2020.1213/.buildozer/android/platform/build-armeabi-v7a/build/other_builds/jpeg/armeabi-v7a__ndk_target_21/jpeg/CMakeFiles/CMakeTmp'
Building C object CMakeFiles/cmTC_6d9a7.dir/CMakeCCompilerABI.c.o
/home/t/.buildozer/android/platform/android-ndk-r19b/toolchains/llvm/prebuilt/linux-x86_64/bin/clang --target=armv7-none-linux-androideabi16 --gcc-toolchain=/home/t/.buildozer/android/platform/android-ndk-r19b/toolchains/llvm/prebuilt/linux-x86_64 --sysroot=/home/t/.buildozer/android/platform/android-ndk-r19b/toolchains/llvm/prebuilt/linux-x86_64/sysroot   -g -DANDROID -fdata-sections -ffunction-sections -funwind-tables -fstack-protector-strong -no-canonical-prefixes -mfpu=vfpv3-d16 -fno-addrsig -march=armv7-a -mthumb -mfpu=neon -Wa,--noexecstack -Wformat -Werror=format-security   -fPIE   -v -o CMakeFiles/cmTC_6d9a7.dir/CMakeCCompilerABI.c.o   -c /usr/share/cmake-3.16/Modules/CMakeCCompilerABI.c
Android (5058415 based on r339409) clang version 8.0.2 (https://android.googlesource.com/toolchain/clang 40173bab62ec746213857d083c0e8b0abb568790) (https://android.googlesource.com/toolchain/llvm 7a6618d69e7e8111e1d49dc9e7813767c5ca756a) (based on LLVM 8.0.2svn)
Target: armv7-none-linux-android16
Thread model: posix
InstalledDir: /home/t/.buildozer/android/platform/android-ndk-r19b/toolchains/llvm/prebuilt/linux-x86_64/bin
Found candidate GCC installation: /home/t/.buildozer/android/platform/android-ndk-r19b/toolchains/llvm/prebuilt/linux-x86_64/lib/gcc/arm-linux-androideabi/4.9.x
Selected GCC installation: /home/t/.buildozer/android/platform/android-ndk-r19b/toolchains/llvm/prebuilt/linux-x86_64/lib/gcc/arm-linux-androideabi/4.9.x
Candidate multilib: thumb;@mthumb
Candidate multilib: armv7-a;@march=armv7-a
Candidate multilib: armv7-a/thumb;@march=armv7-a@mthumb
Candidate multilib: .;
Selected multilib: armv7-a/thumb;@march=armv7-a@mthumb
 "/home/t/.buildozer/android/platform/android-ndk-r19b/toolchains/llvm/prebuilt/linux-x86_64/bin/clang" -cc1 -triple thumbv7-none-linux-android16 -emit-obj -mrelax-all -mnoexecstack -disable-free -disable-llvm-verifier -discard-value-names -main-file-name CMakeCCompilerABI.c -mrelocation-model pic -pic-level 2 -pic-is-pie -mthread-model posix -mdisable-fp-elim -fmath-errno -masm-verbose -mconstructor-aliases -munwind-tables -fuse-init-array -target-cpu generic -target-feature +soft-float-abi -target-feature -fp-only-sp -target-feature -d16 -target-feature +vfp3 -target-feature -fp16 -target-feature -vfp4 -target-feature -fp-armv8 -target-feature +neon -target-feature -crypto -target-abi aapcs-linux -mfloat-abi soft -fallow-half-arguments-and-returns -dwarf-column-info -debug-info-kind=limited -dwarf-version=4 -debugger-tuning=gdb -v -ffunction-sections -fdata-sections -coverage-notes-file /home/t/Bureau/Ges_k0_2020.1213/.buildozer/android/platform/build-armeabi-v7a/build/other_builds/jpeg/armeabi-v7a__ndk_target_21/jpeg/CMakeFiles/CMakeTmp/CMakeFiles/cmTC_6d9a7.dir/CMakeCCompilerABI.c.gcno -resource-dir /home/t/.buildozer/android/platform/android-ndk-r19b/toolchains/llvm/prebuilt/linux-x86_64/lib64/clang/8.0.2 -D ANDROID -isysroot /home/t/.buildozer/android/platform/android-ndk-r19b/toolchains/llvm/prebuilt/linux-x86_64/sysroot -internal-isystem /home/t/.buildozer/android/platform/android-ndk-r19b/toolchains/llvm/prebuilt/linux-x86_64/sysroot/usr/local/include -internal-isystem /home/t/.buildozer/android/platform/android-ndk-r19b/toolchains/llvm/prebuilt/linux-x86_64/lib64/clang/8.0.2/include -internal-externc-isystem /home/t/.buildozer/android/platform/android-ndk-r19b/toolchains/llvm/prebuilt/linux-x86_64/sysroot/usr/include/arm-linux-androideabi -internal-externc-isystem /home/t/.buildozer/android/platform/android-ndk-r19b/toolchains/llvm/prebuilt/linux-x86_64/sysroot/include -internal-externc-isystem /home/t/.buildozer/android/platform/android-ndk-r19b/toolchains/llvm/prebuilt/linux-x86_64/sysroot/usr/include -Wformat -Werror=format-security -fdebug-compilation-dir /home/t/Bureau/Ges_k0_2020.1213/.buildozer/android/platform/build-armeabi-v7a/build/other_builds/jpeg/armeabi-v7a__ndk_target_21/jpeg/CMakeFiles/CMakeTmp -ferror-limit 19 -fmessage-length 0 -stack-protector 2 -fno-signed-char -fobjc-runtime=gcc -fdiagnostics-show-option -o CMakeFiles/cmTC_6d9a7.dir/CMakeCCompilerABI.c.o -x c /usr/share/cmake-3.16/Modules/CMakeCCompilerABI.c
clang -cc1 version 8.0.2 based upon LLVM 8.0.2svn default target x86_64-unknown-linux-gnu
ignoring nonexistent directory "/home/t/.buildozer/android/platform/android-ndk-r19b/toolchains/llvm/prebuilt/linux-x86_64/sysroot/include"
#include "..." search starts here:
#include <...> search starts here:
 /home/t/.buildozer/android/platform/android-ndk-r19b/toolchains/llvm/prebuilt/linux-x86_64/sysroot/usr/local/include
 /home/t/.buildozer/android/platform/android-ndk-r19b/toolchains/llvm/prebuilt/linux-x86_64/lib64/clang/8.0.2/include
 /home/t/.buildozer/android/platform/android-ndk-r19b/toolchains/llvm/prebuilt/linux-x86_64/sysroot/usr/include/arm-linux-androideabi
 /home/t/.buildozer/android/platform/android-ndk-r19b/toolchains/llvm/prebuilt/linux-x86_64/sysroot/usr/include
End of search list.
Linking C executable cmTC_6d9a7
/usr/bin/cmake -E cmake_link_script CMakeFiles/cmTC_6d9a7.dir/link.txt --verbose=1
/home/t/.buildozer/android/platform/android-ndk-r19b/toolchains/llvm/prebuilt/linux-x86_64/bin/clang --target=armv7-none-linux-androideabi16 --gcc-toolchain=/home/t/.buildozer/android/platform/android-ndk-r19b/toolchains/llvm/prebuilt/linux-x86_64 --sysroot=/home/t/.buildozer/android/platform/android-ndk-r19b/toolchains/llvm/prebuilt/linux-x86_64/sysroot -g -DANDROID -fdata-sections -ffunction-sections -funwind-tables -fstack-protector-strong -no-canonical-prefixes -mfpu=vfpv3-d16 -fno-addrsig -march=armv7-a -mthumb -mfpu=neon -Wa,--noexecstack -Wformat -Werror=format-security    -Wl,--exclude-libs,libgcc.a -Wl,--exclude-libs,libatomic.a -static-libstdc++ -Wl,--build-id -Wl,--warn-shared-textrel -Wl,--fatal-warnings -Wl,--exclude-libs,libunwind.a -Wl,--no-undefined -Qunused-arguments -Wl,-z,noexecstack -Wl,-z,relro -Wl,-z,now -Wl,--gc-sections  -v CMakeFiles/cmTC_6d9a7.dir/CMakeCCompilerABI.c.o  -o cmTC_6d9a7 
Android (5058415 based on r339409) clang version 8.0.2 (https://android.googlesource.com/toolchain/clang 40173bab62ec746213857d083c0e8b0abb568790) (https://android.googlesource.com/toolchain/llvm 7a6618d69e7e8111e1d49dc9e7813767c5ca756a) (based on LLVM 8.0.2svn)
Target: armv7-none-linux-android16
Thread model: posix
InstalledDir: /home/t/.buildozer/android/platform/android-ndk-r19b/toolchains/llvm/prebuilt/linux-x86_64/bin
Found candidate GCC installation: /home/t/.buildozer/android/platform/android-ndk-r19b/toolchains/llvm/prebuilt/linux-x86_64/lib/gcc/arm-linux-androideabi/4.9.x
Selected GCC installation: /home/t/.buildozer/android/platform/android-ndk-r19b/toolchains/llvm/prebuilt/linux-x86_64/lib/gcc/arm-linux-androideabi/4.9.x
Candidate multilib: thumb;@mthumb
Candidate multilib: armv7-a;@march=armv7-a
Candidate multilib: armv7-a/thumb;@march=armv7-a@mthumb
Candidate multilib: .;
Selected multilib: armv7-a/thumb;@march=armv7-a@mthumb
 "/home/t/.buildozer/android/platform/android-ndk-r19b/toolchains/llvm/prebuilt/linux-x86_64/lib/gcc/arm-linux-androideabi/4.9.x/../../../../arm-linux-androideabi/bin/ld" --sysroot=/home/t/.buildozer/android/platform/android-ndk-r19b/toolchains/llvm/prebuilt/linux-x86_64/sysroot -pie -X --enable-new-dtags --eh-frame-hdr -m armelf_linux_eabi -dynamic-linker /system/bin/linker -o cmTC_6d9a7 /home/t/.buildozer/android/platform/android-ndk-r19b/toolchains/llvm/prebuilt/linux-x86_64/sysroot/usr/lib/arm-linux-androideabi/16/crtbegin_dynamic.o -L/home/t/.buildozer/android/platform/android-ndk-r19b/toolchains/llvm/prebuilt/linux-x86_64/lib64/clang/8.0.2/lib/linux/arm -L/home/t/.buildozer/android/platform/android-ndk-r19b/toolchains/llvm/prebuilt/linux-x86_64/lib/gcc/arm-linux-androideabi/4.9.x/armv7-a/thumb -L/home/t/.buildozer/android/platform/android-ndk-r19b/toolchains/llvm/prebuilt/linux-x86_64/lib/gcc/arm-linux-androideabi/4.9.x/../../../../arm-linux-androideabi/lib/../lib/armv7-a/thumb -L/home/t/.buildozer/android/platform/android-ndk-r19b/toolchains/llvm/prebuilt/linux-x86_64/sysroot/usr/lib/arm-linux-androideabi/16 -L/home/t/.buildozer/android/platform/android-ndk-r19b/toolchains/llvm/prebuilt/linux-x86_64/sysroot/usr/lib/arm-linux-androideabi -L/home/t/.buildozer/android/platform/android-ndk-r19b/toolchains/llvm/prebuilt/linux-x86_64/sysroot/usr/lib/../lib -L/home/t/.buildozer/android/platform/android-ndk-r19b/toolchains/llvm/prebuilt/linux-x86_64/sysroot/usr/lib/arm-linux-androideabi/../../lib -L/home/t/.buildozer/android/platform/android-ndk-r19b/toolchains/llvm/prebuilt/linux-x86_64/lib/gcc/arm-linux-androideabi/4.9.x/../../../../arm-linux-androideabi/lib/armv7-a/thumb -L/home/t/.buildozer/android/platform/android-ndk-r19b/toolchains/llvm/prebuilt/linux-x86_64/sysroot/usr/lib --exclude-libs libgcc.a --exclude-libs libatomic.a --build-id --warn-shared-textrel --fatal-warnings --exclude-libs libunwind.a --no-undefined -z noexecstack -z relro -z now --gc-sections CMakeFiles/cmTC_6d9a7.dir/CMakeCCompilerABI.c.o -lgcc -ldl -lc -lgcc -ldl /home/t/.buildozer/android/platform/android-ndk-r19b/toolchains/llvm/prebuilt/linux-x86_64/sysroot/usr/lib/arm-linux-androideabi/16/crtend_android.o
make[1]: Leaving directory '/home/t/Bureau/Ges_k0_2020.1213/.buildozer/android/platform/build-armeabi-v7a/build/other_builds/jpeg/armeabi-v7a__ndk_target_21/jpeg/CMakeFiles/CMakeTmp'



Parsed C implicit include dir info from above output: rv=done
  found start of include info
  found start of implicit include info
    add: [/home/t/.buildozer/android/platform/android-ndk-r19b/toolchains/llvm/prebuilt/linux-x86_64/sysroot/usr/local/include]
    add: [/home/t/.buildozer/android/platform/android-ndk-r19b/toolchains/llvm/prebuilt/linux-x86_64/lib64/clang/8.0.2/include]
    add: [/home/t/.buildozer/android/platform/android-ndk-r19b/toolchains/llvm/prebuilt/linux-x86_64/sysroot/usr/include/arm-linux-androideabi]
    add: [/home/t/.buildozer/android/platform/android-ndk-r19b/toolchains/llvm/prebuilt/linux-x86_64/sysroot/usr/include]
  end of search list found
  collapse include dir [/home/t/.buildozer/android/platform/android-ndk-r19b/toolchains/llvm/prebuilt/linux-x86_64/sysroot/usr/local/include] ==> [/home/t/.buildozer/android/platform/android-ndk-r19b/toolchains/llvm/prebuilt/linux-x86_64/sysroot/usr/local/include]
  collapse include dir [/home/t/.buildozer/android/platform/android-ndk-r19b/toolchains/llvm/prebuilt/linux-x86_64/lib64/clang/8.0.2/include] ==> [/home/t/.buildozer/android/platform/android-ndk-r19b/toolchains/llvm/prebuilt/linux-x86_64/lib64/clang/8.0.2/include]
  collapse include dir [/home/t/.buildozer/android/platform/android-ndk-r19b/toolchains/llvm/prebuilt/linux-x86_64/sysroot/usr/include/arm-linux-androideabi] ==> [/home/t/.buildozer/android/platform/android-ndk-r19b/toolchains/llvm/prebuilt/linux-x86_64/sysroot/usr/include/arm-linux-androideabi]
  collapse include dir [/home/t/.buildozer/android/platform/android-ndk-r19b/toolchains/llvm/prebuilt/linux-x86_64/sysroot/usr/include] ==> [/home/t/.buildozer/android/platform/android-ndk-r19b/toolchains/llvm/prebuilt/linux-x86_64/sysroot/usr/include]
  implicit include dirs: [/home/t/.buildozer/android/platform/android-ndk-r19b/toolchains/llvm/prebuilt/linux-x86_64/sysroot/usr/local/include;/home/t/.buildozer/android/platform/android-ndk-r19b/toolchains/llvm/prebuilt/linux-x86_64/lib64/clang/8.0.2/include;/home/t/.buildozer/android/platform/android-ndk-r19b/toolchains/llvm/prebuilt/linux-x86_64/sysroot/usr/include/arm-linux-androideabi;/home/t/.buildozer/android/platform/android-ndk-r19b/toolchains/llvm/prebuilt/linux-x86_64/sysroot/usr/include]


Parsed C implicit link information from above output:
  link line regex: [^( *|.*[/\])(arm-linux-androideabi-ld|CMAKE_LINK_STARTFILE-NOTFOUND|([^/\]+-)?ld|collect2)[^/\]*( |$)]
  ignore line: [Change Dir: /home/t/Bureau/Ges_k0_2020.1213/.buildozer/android/platform/build-armeabi-v7a/build/other_builds/jpeg/armeabi-v7a__ndk_target_21/jpeg/CMakeFiles/CMakeTmp]
  ignore line: []
  ignore line: [Run Build Command(s):/usr/bin/make cmTC_6d9a7/fast && make -j4 -f CMakeFiles/cmTC_6d9a7.dir/build.make CMakeFiles/cmTC_6d9a7.dir/build]
  ignore line: [make[1]: Entering directory '/home/t/Bureau/Ges_k0_2020.1213/.buildozer/android/platform/build-armeabi-v7a/build/other_builds/jpeg/armeabi-v7a__ndk_target_21/jpeg/CMakeFiles/CMakeTmp']
  ignore line: [Building C object CMakeFiles/cmTC_6d9a7.dir/CMakeCCompilerABI.c.o]
  ignore line: [/home/t/.buildozer/android/platform/android-ndk-r19b/toolchains/llvm/prebuilt/linux-x86_64/bin/clang --target=armv7-none-linux-androideabi16 --gcc-toolchain=/home/t/.buildozer/android/platform/android-ndk-r19b/toolchains/llvm/prebuilt/linux-x86_64 --sysroot=/home/t/.buildozer/android/platform/android-ndk-r19b/toolchains/llvm/prebuilt/linux-x86_64/sysroot   -g -DANDROID -fdata-sections -ffunction-sections -funwind-tables -fstack-protector-strong -no-canonical-prefixes -mfpu=vfpv3-d16 -fno-addrsig -march=armv7-a -mthumb -mfpu=neon -Wa --noexecstack -Wformat -Werror=format-security   -fPIE   -v -o CMakeFiles/cmTC_6d9a7.dir/CMakeCCompilerABI.c.o   -c /usr/share/cmake-3.16/Modules/CMakeCCompilerABI.c]
  ignore line: [Android (5058415 based on r339409) clang version 8.0.2 (https://android.googlesource.com/toolchain/clang 40173bab62ec746213857d083c0e8b0abb568790) (https://android.googlesource.com/toolchain/llvm 7a6618d69e7e8111e1d49dc9e7813767c5ca756a) (based on LLVM 8.0.2svn)]
  ignore line: [Target: armv7-none-linux-android16]
  ignore line: [Thread model: posix]
  ignore line: [InstalledDir: /home/t/.buildozer/android/platform/android-ndk-r19b/toolchains/llvm/prebuilt/linux-x86_64/bin]
  ignore line: [Found candidate GCC installation: /home/t/.buildozer/android/platform/android-ndk-r19b/toolchains/llvm/prebuilt/linux-x86_64/lib/gcc/arm-linux-androideabi/4.9.x]
  ignore line: [Selected GCC installation: /home/t/.buildozer/android/platform/android-ndk-r19b/toolchains/llvm/prebuilt/linux-x86_64/lib/gcc/arm-linux-androideabi/4.9.x]
  ignore line: [Candidate multilib: thumb]
  ignore line: [@mthumb]
  ignore line: [Candidate multilib: armv7-a]
  ignore line: [@march=armv7-a]
  ignore line: [Candidate multilib: armv7-a/thumb]
  ignore line: [@march=armv7-a@mthumb]
  ignore line: [Candidate multilib: .]
  ignore line: []
  ignore line: [Selected multilib: armv7-a/thumb]
  ignore line: [@march=armv7-a@mthumb]
  ignore line: [ "/home/t/.buildozer/android/platform/android-ndk-r19b/toolchains/llvm/prebuilt/linux-x86_64/bin/clang" -cc1 -triple thumbv7-none-linux-android16 -emit-obj -mrelax-all -mnoexecstack -disable-free -disable-llvm-verifier -discard-value-names -main-file-name CMakeCCompilerABI.c -mrelocation-model pic -pic-level 2 -pic-is-pie -mthread-model posix -mdisable-fp-elim -fmath-errno -masm-verbose -mconstructor-aliases -munwind-tables -fuse-init-array -target-cpu generic -target-feature +soft-float-abi -target-feature -fp-only-sp -target-feature -d16 -target-feature +vfp3 -target-feature -fp16 -target-feature -vfp4 -target-feature -fp-armv8 -target-feature +neon -target-feature -crypto -target-abi aapcs-linux -mfloat-abi soft -fallow-half-arguments-and-returns -dwarf-column-info -debug-info-kind=limited -dwarf-version=4 -debugger-tuning=gdb -v -ffunction-sections -fdata-sections -coverage-notes-file /home/t/Bureau/Ges_k0_2020.1213/.buildozer/android/platform/build-armeabi-v7a/build/other_builds/jpeg/armeabi-v7a__ndk_target_21/jpeg/CMakeFiles/CMakeTmp/CMakeFiles/cmTC_6d9a7.dir/CMakeCCompilerABI.c.gcno -resource-dir /home/t/.buildozer/android/platform/android-ndk-r19b/toolchains/llvm/prebuilt/linux-x86_64/lib64/clang/8.0.2 -D ANDROID -isysroot /home/t/.buildozer/android/platform/android-ndk-r19b/toolchains/llvm/prebuilt/linux-x86_64/sysroot -internal-isystem /home/t/.buildozer/android/platform/android-ndk-r19b/toolchains/llvm/prebuilt/linux-x86_64/sysroot/usr/local/include -internal-isystem /home/t/.buildozer/android/platform/android-ndk-r19b/toolchains/llvm/prebuilt/linux-x86_64/lib64/clang/8.0.2/include -internal-externc-isystem /home/t/.buildozer/android/platform/android-ndk-r19b/toolchains/llvm/prebuilt/linux-x86_64/sysroot/usr/include/arm-linux-androideabi -internal-externc-isystem /home/t/.buildozer/android/platform/android-ndk-r19b/toolchains/llvm/prebuilt/linux-x86_64/sysroot/include -internal-externc-isystem /home/t/.buildozer/android/platform/android-ndk-r19b/toolchains/llvm/prebuilt/linux-x86_64/sysroot/usr/include -Wformat -Werror=format-security -fdebug-compilation-dir /home/t/Bureau/Ges_k0_2020.1213/.buildozer/android/platform/build-armeabi-v7a/build/other_builds/jpeg/armeabi-v7a__ndk_target_21/jpeg/CMakeFiles/CMakeTmp -ferror-limit 19 -fmessage-length 0 -stack-protector 2 -fno-signed-char -fobjc-runtime=gcc -fdiagnostics-show-option -o CMakeFiles/cmTC_6d9a7.dir/CMakeCCompilerABI.c.o -x c /usr/share/cmake-3.16/Modules/CMakeCCompilerABI.c]
  ignore line: [clang -cc1 version 8.0.2 based upon LLVM 8.0.2svn default target x86_64-unknown-linux-gnu]
  ignore line: [ignoring nonexistent directory "/home/t/.buildozer/android/platform/android-ndk-r19b/toolchains/llvm/prebuilt/linux-x86_64/sysroot/include"]
  ignore line: [#include "..." search starts here:]
  ignore line: [#include <...> search starts here:]
  ignore line: [ /home/t/.buildozer/android/platform/android-ndk-r19b/toolchains/llvm/prebuilt/linux-x86_64/sysroot/usr/local/include]
  ignore line: [ /home/t/.buildozer/android/platform/android-ndk-r19b/toolchains/llvm/prebuilt/linux-x86_64/lib64/clang/8.0.2/include]
  ignore line: [ /home/t/.buildozer/android/platform/android-ndk-r19b/toolchains/llvm/prebuilt/linux-x86_64/sysroot/usr/include/arm-linux-androideabi]
  ignore line: [ /home/t/.buildozer/android/platform/android-ndk-r19b/toolchains/llvm/prebuilt/linux-x86_64/sysroot/usr/include]
  ignore line: [End of search list.]
  ignore line: [Linking C executable cmTC_6d9a7]
  ignore line: [/usr/bin/cmake -E cmake_link_script CMakeFiles/cmTC_6d9a7.dir/link.txt --verbose=1]
  ignore line: [/home/t/.buildozer/android/platform/android-ndk-r19b/toolchains/llvm/prebuilt/linux-x86_64/bin/clang --target=armv7-none-linux-androideabi16 --gcc-toolchain=/home/t/.buildozer/android/platform/android-ndk-r19b/toolchains/llvm/prebuilt/linux-x86_64 --sysroot=/home/t/.buildozer/android/platform/android-ndk-r19b/toolchains/llvm/prebuilt/linux-x86_64/sysroot -g -DANDROID -fdata-sections -ffunction-sections -funwind-tables -fstack-protector-strong -no-canonical-prefixes -mfpu=vfpv3-d16 -fno-addrsig -march=armv7-a -mthumb -mfpu=neon -Wa --noexecstack -Wformat -Werror=format-security    -Wl --exclude-libs libgcc.a -Wl --exclude-libs libatomic.a -static-libstdc++ -Wl --build-id -Wl --warn-shared-textrel -Wl --fatal-warnings -Wl --exclude-libs libunwind.a -Wl --no-undefined -Qunused-arguments -Wl -z noexecstack -Wl -z relro -Wl -z now -Wl --gc-sections  -v CMakeFiles/cmTC_6d9a7.dir/CMakeCCompilerABI.c.o  -o cmTC_6d9a7 ]
  ignore line: [Android (5058415 based on r339409) clang version 8.0.2 (https://android.googlesource.com/toolchain/clang 40173bab62ec746213857d083c0e8b0abb568790) (https://android.googlesource.com/toolchain/llvm 7a6618d69e7e8111e1d49dc9e7813767c5ca756a) (based on LLVM 8.0.2svn)]
  ignore line: [Target: armv7-none-linux-android16]
  ignore line: [Thread model: posix]
  ignore line: [InstalledDir: /home/t/.buildozer/android/platform/android-ndk-r19b/toolchains/llvm/prebuilt/linux-x86_64/bin]
  ignore line: [Found candidate GCC installation: /home/t/.buildozer/android/platform/android-ndk-r19b/toolchains/llvm/prebuilt/linux-x86_64/lib/gcc/arm-linux-androideabi/4.9.x]
  ignore line: [Selected GCC installation: /home/t/.buildozer/android/platform/android-ndk-r19b/toolchains/llvm/prebuilt/linux-x86_64/lib/gcc/arm-linux-androideabi/4.9.x]
  ignore line: [Candidate multilib: thumb]
  ignore line: [@mthumb]
  ignore line: [Candidate multilib: armv7-a]
  ignore line: [@march=armv7-a]
  ignore line: [Candidate multilib: armv7-a/thumb]
  ignore line: [@march=armv7-a@mthumb]
  ignore line: [Candidate multilib: .]
  ignore line: []
  ignore line: [Selected multilib: armv7-a/thumb]
  ignore line: [@march=armv7-a@mthumb]
  link line: [ "/home/t/.buildozer/android/platform/android-ndk-r19b/toolchains/llvm/prebuilt/linux-x86_64/lib/gcc/arm-linux-androideabi/4.9.x/../../../../arm-linux-androideabi/bin/ld" --sysroot=/home/t/.buildozer/android/platform/android-ndk-r19b/toolchains/llvm/prebuilt/linux-x86_64/sysroot -pie -X --enable-new-dtags --eh-frame-hdr -m armelf_linux_eabi -dynamic-linker /system/bin/linker -o cmTC_6d9a7 /home/t/.buildozer/android/platform/android-ndk-r19b/toolchains/llvm/prebuilt/linux-x86_64/sysroot/usr/lib/arm-linux-androideabi/16/crtbegin_dynamic.o -L/home/t/.buildozer/android/platform/android-ndk-r19b/toolchains/llvm/prebuilt/linux-x86_64/lib64/clang/8.0.2/lib/linux/arm -L/home/t/.buildozer/android/platform/android-ndk-r19b/toolchains/llvm/prebuilt/linux-x86_64/lib/gcc/arm-linux-androideabi/4.9.x/armv7-a/thumb -L/home/t/.buildozer/android/platform/android-ndk-r19b/toolchains/llvm/prebuilt/linux-x86_64/lib/gcc/arm-linux-androideabi/4.9.x/../../../../arm-linux-androideabi/lib/../lib/armv7-a/thumb -L/home/t/.buildozer/android/platform/android-ndk-r19b/toolchains/llvm/prebuilt/linux-x86_64/sysroot/usr/lib/arm-linux-androideabi/16 -L/home/t/.buildozer/android/platform/android-ndk-r19b/toolchains/llvm/prebuilt/linux-x86_64/sysroot/usr/lib/arm-linux-androideabi -L/home/t/.buildozer/android/platform/android-ndk-r19b/toolchains/llvm/prebuilt/linux-x86_64/sysroot/usr/lib/../lib -L/home/t/.buildozer/android/platform/android-ndk-r19b/toolchains/llvm/prebuilt/linux-x86_64/sysroot/usr/lib/arm-linux-androideabi/../../lib -L/home/t/.buildozer/android/platform/android-ndk-r19b/toolchains/llvm/prebuilt/linux-x86_64/lib/gcc/arm-linux-androideabi/4.9.x/../../../../arm-linux-androideabi/lib/armv7-a/thumb -L/home/t/.buildozer/android/platform/android-ndk-r19b/toolchains/llvm/prebuilt/linux-x86_64/sysroot/usr/lib --exclude-libs libgcc.a --exclude-libs libatomic.a --build-id --warn-shared-textrel --fatal-warnings --exclude-libs libunwind.a --no-undefined -z noexecstack -z relro -z now --gc-sections CMakeFiles/cmTC_6d9a7.dir/CMakeCCompilerABI.c.o -lgcc -ldl -lc -lgcc -ldl /home/t/.buildozer/android/platform/android-ndk-r19b/toolchains/llvm/prebuilt/linux-x86_64/sysroot/usr/lib/arm-linux-androideabi/16/crtend_android.o]
    arg [/home/t/.buildozer/android/platform/android-ndk-r19b/toolchains/llvm/prebuilt/linux-x86_64/lib/gcc/arm-linux-androideabi/4.9.x/../../../../arm-linux-androideabi/bin/ld] ==> ignore
    arg [--sysroot=/home/t/.buildozer/android/platform/android-ndk-r19b/toolchains/llvm/prebuilt/linux-x86_64/sysroot] ==> ignore
    arg [-pie] ==> ignore
    arg [-X] ==> ignore
    arg [--enable-new-dtags] ==> ignore
    arg [--eh-frame-hdr] ==> ignore
    arg [-m] ==> ignore
    arg [armelf_linux_eabi] ==> ignore
    arg [-dynamic-linker] ==> ignore
    arg [/system/bin/linker] ==> ignore
    arg [-o] ==> ignore
    arg [cmTC_6d9a7] ==> ignore
    arg [/home/t/.buildozer/android/platform/android-ndk-r19b/toolchains/llvm/prebuilt/linux-x86_64/sysroot/usr/lib/arm-linux-androideabi/16/crtbegin_dynamic.o] ==> ignore
    arg [-L/home/t/.buildozer/android/platform/android-ndk-r19b/toolchains/llvm/prebuilt/linux-x86_64/lib64/clang/8.0.2/lib/linux/arm] ==> dir [/home/t/.buildozer/android/platform/android-ndk-r19b/toolchains/llvm/prebuilt/linux-x86_64/lib64/clang/8.0.2/lib/linux/arm]
    arg [-L/home/t/.buildozer/android/platform/android-ndk-r19b/toolchains/llvm/prebuilt/linux-x86_64/lib/gcc/arm-linux-androideabi/4.9.x/armv7-a/thumb] ==> dir [/home/t/.buildozer/android/platform/android-ndk-r19b/toolchains/llvm/prebuilt/linux-x86_64/lib/gcc/arm-linux-androideabi/4.9.x/armv7-a/thumb]
    arg [-L/home/t/.buildozer/android/platform/android-ndk-r19b/toolchains/llvm/prebuilt/linux-x86_64/lib/gcc/arm-linux-androideabi/4.9.x/../../../../arm-linux-androideabi/lib/../lib/armv7-a/thumb] ==> dir [/home/t/.buildozer/android/platform/android-ndk-r19b/toolchains/llvm/prebuilt/linux-x86_64/lib/gcc/arm-linux-androideabi/4.9.x/../../../../arm-linux-androideabi/lib/../lib/armv7-a/thumb]
    arg [-L/home/t/.buildozer/android/platform/android-ndk-r19b/toolchains/llvm/prebuilt/linux-x86_64/sysroot/usr/lib/arm-linux-androideabi/16] ==> dir [/home/t/.buildozer/android/platform/android-ndk-r19b/toolchains/llvm/prebuilt/linux-x86_64/sysroot/usr/lib/arm-linux-androideabi/16]
    arg [-L/home/t/.buildozer/android/platform/android-ndk-r19b/toolchains/llvm/prebuilt/linux-x86_64/sysroot/usr/lib/arm-linux-androideabi] ==> dir [/home/t/.buildozer/android/platform/android-ndk-r19b/toolchains/llvm/prebuilt/linux-x86_64/sysroot/usr/lib/arm-linux-androideabi]
    arg [-L/home/t/.buildozer/android/platform/android-ndk-r19b/toolchains/llvm/prebuilt/linux-x86_64/sysroot/usr/lib/../lib] ==> dir [/home/t/.buildozer/android/platform/android-ndk-r19b/toolchains/llvm/prebuilt/linux-x86_64/sysroot/usr/lib/../lib]
    arg [-L/home/t/.buildozer/android/platform/android-ndk-r19b/toolchains/llvm/prebuilt/linux-x86_64/sysroot/usr/lib/arm-linux-androideabi/../../lib] ==> dir [/home/t/.buildozer/android/platform/android-ndk-r19b/toolchains/llvm/prebuilt/linux-x86_64/sysroot/usr/lib/arm-linux-androideabi/../../lib]
    arg [-L/home/t/.buildozer/android/platform/android-ndk-r19b/toolchains/llvm/prebuilt/linux-x86_64/lib/gcc/arm-linux-androideabi/4.9.x/../../../../arm-linux-androideabi/lib/armv7-a/thumb] ==> dir [/home/t/.buildozer/android/platform/android-ndk-r19b/toolchains/llvm/prebuilt/linux-x86_64/lib/gcc/arm-linux-androideabi/4.9.x/../../../../arm-linux-androideabi/lib/armv7-a/thumb]
    arg [-L/home/t/.buildozer/android/platform/android-ndk-r19b/toolchains/llvm/prebuilt/linux-x86_64/sysroot/usr/lib] ==> dir [/home/t/.buildozer/android/platform/android-ndk-r19b/toolchains/llvm/prebuilt/linux-x86_64/sysroot/usr/lib]
    arg [--exclude-libs] ==> ignore
    arg [libgcc.a] ==> ignore
    arg [--exclude-libs] ==> ignore
    arg [libatomic.a] ==> ignore
    arg [--build-id] ==> ignore
    arg [--warn-shared-textrel] ==> ignore
    arg [--fatal-warnings] ==> ignore
    arg [--exclude-libs] ==> ignore
    arg [libunwind.a] ==> ignore
    arg [--no-undefined] ==> ignore
    arg [-znoexecstack] ==> ignore
    arg [-zrelro] ==> ignore
    arg [-znow] ==> ignore
    arg [--gc-sections] ==> ignore
    arg [CMakeFiles/cmTC_6d9a7.dir/CMakeCCompilerABI.c.o] ==> ignore
    arg [-lgcc] ==> lib [gcc]
    arg [-ldl] ==> lib [dl]
    arg [-lc] ==> lib [c]
    arg [-lgcc] ==> lib [gcc]
    arg [-ldl] ==> lib [dl]
    arg [/home/t/.buildozer/android/platform/android-ndk-r19b/toolchains/llvm/prebuilt/linux-x86_64/sysroot/usr/lib/arm-linux-androideabi/16/crtend_android.o] ==> ignore
  collapse library dir [/home/t/.buildozer/android/platform/android-ndk-r19b/toolchains/llvm/prebuilt/linux-x86_64/lib64/clang/8.0.2/lib/linux/arm] ==> [/home/t/.buildozer/android/platform/android-ndk-r19b/toolchains/llvm/prebuilt/linux-x86_64/lib64/clang/8.0.2/lib/linux/arm]
  collapse library dir [/home/t/.buildozer/android/platform/android-ndk-r19b/toolchains/llvm/prebuilt/linux-x86_64/lib/gcc/arm-linux-androideabi/4.9.x/armv7-a/thumb] ==> [/home/t/.buildozer/android/platform/android-ndk-r19b/toolchains/llvm/prebuilt/linux-x86_64/lib/gcc/arm-linux-androideabi/4.9.x/armv7-a/thumb]
  collapse library dir [/home/t/.buildozer/android/platform/android-ndk-r19b/toolchains/llvm/prebuilt/linux-x86_64/lib/gcc/arm-linux-androideabi/4.9.x/../../../../arm-linux-androideabi/lib/../lib/armv7-a/thumb] ==> [/home/t/.buildozer/android/platform/android-ndk-r19b/toolchains/llvm/prebuilt/linux-x86_64/arm-linux-androideabi/lib/armv7-a/thumb]
  collapse library dir [/home/t/.buildozer/android/platform/android-ndk-r19b/toolchains/llvm/prebuilt/linux-x86_64/sysroot/usr/lib/arm-linux-androideabi/16] ==> [/home/t/.buildozer/android/platform/android-ndk-r19b/toolchains/llvm/prebuilt/linux-x86_64/sysroot/usr/lib/arm-linux-androideabi/16]
  collapse library dir [/home/t/.buildozer/android/platform/android-ndk-r19b/toolchains/llvm/prebuilt/linux-x86_64/sysroot/usr/lib/arm-linux-androideabi] ==> [/home/t/.buildozer/android/platform/android-ndk-r19b/toolchains/llvm/prebuilt/linux-x86_64/sysroot/usr/lib/arm-linux-androideabi]
  collapse library dir [/home/t/.buildozer/android/platform/android-ndk-r19b/toolchains/llvm/prebuilt/linux-x86_64/sysroot/usr/lib/../lib] ==> [/home/t/.buildozer/android/platform/android-ndk-r19b/toolchains/llvm/prebuilt/linux-x86_64/sysroot/usr/lib]
  collapse library dir [/home/t/.buildozer/android/platform/android-ndk-r19b/toolchains/llvm/prebuilt/linux-x86_64/sysroot/usr/lib/arm-linux-androideabi/../../lib] ==> [/home/t/.buildozer/android/platform/android-ndk-r19b/toolchains/llvm/prebuilt/linux-x86_64/sysroot/usr/lib]
  collapse library dir [/home/t/.buildozer/android/platform/android-ndk-r19b/toolchains/llvm/prebuilt/linux-x86_64/lib/gcc/arm-linux-androideabi/4.9.x/../../../../arm-linux-androideabi/lib/armv7-a/thumb] ==> [/home/t/.buildozer/android/platform/android-ndk-r19b/toolchains/llvm/prebuilt/linux-x86_64/arm-linux-androideabi/lib/armv7-a/thumb]
  collapse library dir [/home/t/.buildozer/android/platform/android-ndk-r19b/toolchains/llvm/prebuilt/linux-x86_64/sysroot/usr/lib] ==> [/home/t/.buildozer/android/platform/android-ndk-r19b/toolchains/llvm/prebuilt/linux-x86_64/sysroot/usr/lib]
  implicit libs: [gcc;dl;c;gcc;dl]
  implicit dirs: [/home/t/.buildozer/android/platform/android-ndk-r19b/toolchains/llvm/prebuilt/linux-x86_64/lib64/clang/8.0.2/lib/linux/arm;/home/t/.buildozer/android/platform/android-ndk-r19b/toolchains/llvm/prebuilt/linux-x86_64/lib/gcc/arm-linux-androideabi/4.9.x/armv7-a/thumb;/home/t/.buildozer/android/platform/android-ndk-r19b/toolchains/llvm/prebuilt/linux-x86_64/arm-linux-androideabi/lib/armv7-a/thumb;/home/t/.buildozer/android/platform/android-ndk-r19b/toolchains/llvm/prebuilt/linux-x86_64/sysroot/usr/lib/arm-linux-androideabi/16;/home/t/.buildozer/android/platform/android-ndk-r19b/toolchains/llvm/prebuilt/linux-x86_64/sysroot/usr/lib/arm-linux-androideabi;/home/t/.buildozer/android/platform/android-ndk-r19b/toolchains/llvm/prebuilt/linux-x86_64/sysroot/usr/lib]
  implicit fwks: []


Determining if the include file sys/types.h exists passed with the following output:
Change Dir: /home/t/Bureau/Ges_k0_2020.1213/.buildozer/android/platform/build-armeabi-v7a/build/other_builds/jpeg/armeabi-v7a__ndk_target_21/jpeg/CMakeFiles/CMakeTmp

Run Build Command(s):/usr/bin/make cmTC_cdf5c/fast && make -j4 -f CMakeFiles/cmTC_cdf5c.dir/build.make CMakeFiles/cmTC_cdf5c.dir/build
make[1]: Entering directory '/home/t/Bureau/Ges_k0_2020.1213/.buildozer/android/platform/build-armeabi-v7a/build/other_builds/jpeg/armeabi-v7a__ndk_target_21/jpeg/CMakeFiles/CMakeTmp'
Building C object CMakeFiles/cmTC_cdf5c.dir/CheckIncludeFile.c.o
/home/t/.buildozer/android/platform/android-ndk-r19b/toolchains/llvm/prebuilt/linux-x86_64/bin/clang --target=armv7-none-linux-androideabi16 --gcc-toolchain=/home/t/.buildozer/android/platform/android-ndk-r19b/toolchains/llvm/prebuilt/linux-x86_64 --sysroot=/home/t/.buildozer/android/platform/android-ndk-r19b/toolchains/llvm/prebuilt/linux-x86_64/sysroot   -g -DANDROID -fdata-sections -ffunction-sections -funwind-tables -fstack-protector-strong -no-canonical-prefixes -mfpu=vfpv3-d16 -fno-addrsig -march=armv7-a -mthumb -mfpu=neon -Wa,--noexecstack -Wformat -Werror=format-security   -fPIE   -o CMakeFiles/cmTC_cdf5c.dir/CheckIncludeFile.c.o   -c /home/t/Bureau/Ges_k0_2020.1213/.buildozer/android/platform/build-armeabi-v7a/build/other_builds/jpeg/armeabi-v7a__ndk_target_21/jpeg/CMakeFiles/CMakeTmp/CheckIncludeFile.c
Linking C executable cmTC_cdf5c
/usr/bin/cmake -E cmake_link_script CMakeFiles/cmTC_cdf5c.dir/link.txt --verbose=1
/home/t/.buildozer/android/platform/android-ndk-r19b/toolchains/llvm/prebuilt/linux-x86_64/bin/clang --target=armv7-none-linux-androideabi16 --gcc-toolchain=/home/t/.buildozer/android/platform/android-ndk-r19b/toolchains/llvm/prebuilt/linux-x86_64 --sysroot=/home/t/.buildozer/android/platform/android-ndk-r19b/toolchains/llvm/prebuilt/linux-x86_64/sysroot -g -DANDROID -fdata-sections -ffunction-sections -funwind-tables -fstack-protector-strong -no-canonical-prefixes -mfpu=vfpv3-d16 -fno-addrsig -march=armv7-a -mthumb -mfpu=neon -Wa,--noexecstack -Wformat -Werror=format-security    -Wl,--exclude-libs,libgcc.a -Wl,--exclude-libs,libatomic.a -static-libstdc++ -Wl,--build-id -Wl,--warn-shared-textrel -Wl,--fatal-warnings -Wl,--exclude-libs,libunwind.a -Wl,--no-undefined -Qunused-arguments -Wl,-z,noexecstack -Wl,-z,relro -Wl,-z,now -Wl,--gc-sections   CMakeFiles/cmTC_cdf5c.dir/CheckIncludeFile.c.o  -o cmTC_cdf5c  -latomic -lm 
make[1]: Leaving directory '/home/t/Bureau/Ges_k0_2020.1213/.buildozer/android/platform/build-armeabi-v7a/build/other_builds/jpeg/armeabi-v7a__ndk_target_21/jpeg/CMakeFiles/CMakeTmp'



Determining if the include file stdint.h exists passed with the following output:
Change Dir: /home/t/Bureau/Ges_k0_2020.1213/.buildozer/android/platform/build-armeabi-v7a/build/other_builds/jpeg/armeabi-v7a__ndk_target_21/jpeg/CMakeFiles/CMakeTmp

Run Build Command(s):/usr/bin/make cmTC_9b09a/fast && make -j4 -f CMakeFiles/cmTC_9b09a.dir/build.make CMakeFiles/cmTC_9b09a.dir/build
make[1]: Entering directory '/home/t/Bureau/Ges_k0_2020.1213/.buildozer/android/platform/build-armeabi-v7a/build/other_builds/jpeg/armeabi-v7a__ndk_target_21/jpeg/CMakeFiles/CMakeTmp'
Building C object CMakeFiles/cmTC_9b09a.dir/CheckIncludeFile.c.o
/home/t/.buildozer/android/platform/android-ndk-r19b/toolchains/llvm/prebuilt/linux-x86_64/bin/clang --target=armv7-none-linux-androideabi16 --gcc-toolchain=/home/t/.buildozer/android/platform/android-ndk-r19b/toolchains/llvm/prebuilt/linux-x86_64 --sysroot=/home/t/.buildozer/android/platform/android-ndk-r19b/toolchains/llvm/prebuilt/linux-x86_64/sysroot   -g -DANDROID -fdata-sections -ffunction-sections -funwind-tables -fstack-protector-strong -no-canonical-prefixes -mfpu=vfpv3-d16 -fno-addrsig -march=armv7-a -mthumb -mfpu=neon -Wa,--noexecstack -Wformat -Werror=format-security   -fPIE   -o CMakeFiles/cmTC_9b09a.dir/CheckIncludeFile.c.o   -c /home/t/Bureau/Ges_k0_2020.1213/.buildozer/android/platform/build-armeabi-v7a/build/other_builds/jpeg/armeabi-v7a__ndk_target_21/jpeg/CMakeFiles/CMakeTmp/CheckIncludeFile.c
Linking C executable cmTC_9b09a
/usr/bin/cmake -E cmake_link_script CMakeFiles/cmTC_9b09a.dir/link.txt --verbose=1
/home/t/.buildozer/android/platform/android-ndk-r19b/toolchains/llvm/prebuilt/linux-x86_64/bin/clang --target=armv7-none-linux-androideabi16 --gcc-toolchain=/home/t/.buildozer/android/platform/android-ndk-r19b/toolchains/llvm/prebuilt/linux-x86_64 --sysroot=/home/t/.buildozer/android/platform/android-ndk-r19b/toolchains/llvm/prebuilt/linux-x86_64/sysroot -g -DANDROID -fdata-sections -ffunction-sections -funwind-tables -fstack-protector-strong -no-canonical-prefixes -mfpu=vfpv3-d16 -fno-addrsig -march=armv7-a -mthumb -mfpu=neon -Wa,--noexecstack -Wformat -Werror=format-security    -Wl,--exclude-libs,libgcc.a -Wl,--exclude-libs,libatomic.a -static-libstdc++ -Wl,--build-id -Wl,--warn-shared-textrel -Wl,--fatal-warnings -Wl,--exclude-libs,libunwind.a -Wl,--no-undefined -Qunused-arguments -Wl,-z,noexecstack -Wl,-z,relro -Wl,-z,now -Wl,--gc-sections   CMakeFiles/cmTC_9b09a.dir/CheckIncludeFile.c.o  -o cmTC_9b09a  -latomic -lm 
make[1]: Leaving directory '/home/t/Bureau/Ges_k0_2020.1213/.buildozer/android/platform/build-armeabi-v7a/build/other_builds/jpeg/armeabi-v7a__ndk_target_21/jpeg/CMakeFiles/CMakeTmp'



Determining if the include file stddef.h exists passed with the following output:
Change Dir: /home/t/Bureau/Ges_k0_2020.1213/.buildozer/android/platform/build-armeabi-v7a/build/other_builds/jpeg/armeabi-v7a__ndk_target_21/jpeg/CMakeFiles/CMakeTmp

Run Build Command(s):/usr/bin/make cmTC_a00e6/fast && make -j4 -f CMakeFiles/cmTC_a00e6.dir/build.make CMakeFiles/cmTC_a00e6.dir/build
make[1]: Entering directory '/home/t/Bureau/Ges_k0_2020.1213/.buildozer/android/platform/build-armeabi-v7a/build/other_builds/jpeg/armeabi-v7a__ndk_target_21/jpeg/CMakeFiles/CMakeTmp'
Building C object CMakeFiles/cmTC_a00e6.dir/CheckIncludeFile.c.o
/home/t/.buildozer/android/platform/android-ndk-r19b/toolchains/llvm/prebuilt/linux-x86_64/bin/clang --target=armv7-none-linux-androideabi16 --gcc-toolchain=/home/t/.buildozer/android/platform/android-ndk-r19b/toolchains/llvm/prebuilt/linux-x86_64 --sysroot=/home/t/.buildozer/android/platform/android-ndk-r19b/toolchains/llvm/prebuilt/linux-x86_64/sysroot   -g -DANDROID -fdata-sections -ffunction-sections -funwind-tables -fstack-protector-strong -no-canonical-prefixes -mfpu=vfpv3-d16 -fno-addrsig -march=armv7-a -mthumb -mfpu=neon -Wa,--noexecstack -Wformat -Werror=format-security   -fPIE   -o CMakeFiles/cmTC_a00e6.dir/CheckIncludeFile.c.o   -c /home/t/Bureau/Ges_k0_2020.1213/.buildozer/android/platform/build-armeabi-v7a/build/other_builds/jpeg/armeabi-v7a__ndk_target_21/jpeg/CMakeFiles/CMakeTmp/CheckIncludeFile.c
Linking C executable cmTC_a00e6
/usr/bin/cmake -E cmake_link_script CMakeFiles/cmTC_a00e6.dir/link.txt --verbose=1
/home/t/.buildozer/android/platform/android-ndk-r19b/toolchains/llvm/prebuilt/linux-x86_64/bin/clang --target=armv7-none-linux-androideabi16 --gcc-toolchain=/home/t/.buildozer/android/platform/android-ndk-r19b/toolchains/llvm/prebuilt/linux-x86_64 --sysroot=/home/t/.buildozer/android/platform/android-ndk-r19b/toolchains/llvm/prebuilt/linux-x86_64/sysroot -g -DANDROID -fdata-sections -ffunction-sections -funwind-tables -fstack-protector-strong -no-canonical-prefixes -mfpu=vfpv3-d16 -fno-addrsig -march=armv7-a -mthumb -mfpu=neon -Wa,--noexecstack -Wformat -Werror=format-security    -Wl,--exclude-libs,libgcc.a -Wl,--exclude-libs,libatomic.a -static-libstdc++ -Wl,--build-id -Wl,--warn-shared-textrel -Wl,--fatal-warnings -Wl,--exclude-libs,libunwind.a -Wl,--no-undefined -Qunused-arguments -Wl,-z,noexecstack -Wl,-z,relro -Wl,-z,now -Wl,--gc-sections   CMakeFiles/cmTC_a00e6.dir/CheckIncludeFile.c.o  -o cmTC_a00e6  -latomic -lm 
make[1]: Leaving directory '/home/t/Bureau/Ges_k0_2020.1213/.buildozer/android/platform/build-armeabi-v7a/build/other_builds/jpeg/armeabi-v7a__ndk_target_21/jpeg/CMakeFiles/CMakeTmp'



Determining size of size_t passed with the following output:
Change Dir: /home/t/Bureau/Ges_k0_2020.1213/.buildozer/android/platform/build-armeabi-v7a/build/other_builds/jpeg/armeabi-v7a__ndk_target_21/jpeg/CMakeFiles/CMakeTmp

Run Build Command(s):/usr/bin/make cmTC_0ceca/fast && make -j4 -f CMakeFiles/cmTC_0ceca.dir/build.make CMakeFiles/cmTC_0ceca.dir/build
make[1]: Entering directory '/home/t/Bureau/Ges_k0_2020.1213/.buildozer/android/platform/build-armeabi-v7a/build/other_builds/jpeg/armeabi-v7a__ndk_target_21/jpeg/CMakeFiles/CMakeTmp'
Building C object CMakeFiles/cmTC_0ceca.dir/SIZE_T.c.o
/home/t/.buildozer/android/platform/android-ndk-r19b/toolchains/llvm/prebuilt/linux-x86_64/bin/clang --target=armv7-none-linux-androideabi16 --gcc-toolchain=/home/t/.buildozer/android/platform/android-ndk-r19b/toolchains/llvm/prebuilt/linux-x86_64 --sysroot=/home/t/.buildozer/android/platform/android-ndk-r19b/toolchains/llvm/prebuilt/linux-x86_64/sysroot   -g -DANDROID -fdata-sections -ffunction-sections -funwind-tables -fstack-protector-strong -no-canonical-prefixes -mfpu=vfpv3-d16 -fno-addrsig -march=armv7-a -mthumb -mfpu=neon -Wa,--noexecstack -Wformat -Werror=format-security   -fPIE   -o CMakeFiles/cmTC_0ceca.dir/SIZE_T.c.o   -c /home/t/Bureau/Ges_k0_2020.1213/.buildozer/android/platform/build-armeabi-v7a/build/other_builds/jpeg/armeabi-v7a__ndk_target_21/jpeg/CMakeFiles/CheckTypeSize/SIZE_T.c
Linking C executable cmTC_0ceca
/usr/bin/cmake -E cmake_link_script CMakeFiles/cmTC_0ceca.dir/link.txt --verbose=1
/home/t/.buildozer/android/platform/android-ndk-r19b/toolchains/llvm/prebuilt/linux-x86_64/bin/clang --target=armv7-none-linux-androideabi16 --gcc-toolchain=/home/t/.buildozer/android/platform/android-ndk-r19b/toolchains/llvm/prebuilt/linux-x86_64 --sysroot=/home/t/.buildozer/android/platform/android-ndk-r19b/toolchains/llvm/prebuilt/linux-x86_64/sysroot -g -DANDROID -fdata-sections -ffunction-sections -funwind-tables -fstack-protector-strong -no-canonical-prefixes -mfpu=vfpv3-d16 -fno-addrsig -march=armv7-a -mthumb -mfpu=neon -Wa,--noexecstack -Wformat -Werror=format-security    -Wl,--exclude-libs,libgcc.a -Wl,--exclude-libs,libatomic.a -static-libstdc++ -Wl,--build-id -Wl,--warn-shared-textrel -Wl,--fatal-warnings -Wl,--exclude-libs,libunwind.a -Wl,--no-undefined -Qunused-arguments -Wl,-z,noexecstack -Wl,-z,relro -Wl,-z,now -Wl,--gc-sections   CMakeFiles/cmTC_0ceca.dir/SIZE_T.c.o  -o cmTC_0ceca  -latomic -lm 
make[1]: Leaving directory '/home/t/Bureau/Ges_k0_2020.1213/.buildozer/android/platform/build-armeabi-v7a/build/other_builds/jpeg/armeabi-v7a__ndk_target_21/jpeg/CMakeFiles/CMakeTmp'



Determining size of unsigned long passed with the following output:
Change Dir: /home/t/Bureau/Ges_k0_2020.1213/.buildozer/android/platform/build-armeabi-v7a/build/other_builds/jpeg/armeabi-v7a__ndk_target_21/jpeg/CMakeFiles/CMakeTmp

Run Build Command(s):/usr/bin/make cmTC_cb370/fast && make -j4 -f CMakeFiles/cmTC_cb370.dir/build.make CMakeFiles/cmTC_cb370.dir/build
make[1]: Entering directory '/home/t/Bureau/Ges_k0_2020.1213/.buildozer/android/platform/build-armeabi-v7a/build/other_builds/jpeg/armeabi-v7a__ndk_target_21/jpeg/CMakeFiles/CMakeTmp'
Building C object CMakeFiles/cmTC_cb370.dir/UNSIGNED_LONG.c.o
/home/t/.buildozer/android/platform/android-ndk-r19b/toolchains/llvm/prebuilt/linux-x86_64/bin/clang --target=armv7-none-linux-androideabi16 --gcc-toolchain=/home/t/.buildozer/android/platform/android-ndk-r19b/toolchains/llvm/prebuilt/linux-x86_64 --sysroot=/home/t/.buildozer/android/platform/android-ndk-r19b/toolchains/llvm/prebuilt/linux-x86_64/sysroot   -g -DANDROID -fdata-sections -ffunction-sections -funwind-tables -fstack-protector-strong -no-canonical-prefixes -mfpu=vfpv3-d16 -fno-addrsig -march=armv7-a -mthumb -mfpu=neon -Wa,--noexecstack -Wformat -Werror=format-security   -fPIE   -o CMakeFiles/cmTC_cb370.dir/UNSIGNED_LONG.c.o   -c /home/t/Bureau/Ges_k0_2020.1213/.buildozer/android/platform/build-armeabi-v7a/build/other_builds/jpeg/armeabi-v7a__ndk_target_21/jpeg/CMakeFiles/CheckTypeSize/UNSIGNED_LONG.c
Linking C executable cmTC_cb370
/usr/bin/cmake -E cmake_link_script CMakeFiles/cmTC_cb370.dir/link.txt --verbose=1
/home/t/.buildozer/android/platform/android-ndk-r19b/toolchains/llvm/prebuilt/linux-x86_64/bin/clang --target=armv7-none-linux-androideabi16 --gcc-toolchain=/home/t/.buildozer/android/platform/android-ndk-r19b/toolchains/llvm/prebuilt/linux-x86_64 --sysroot=/home/t/.buildozer/android/platform/android-ndk-r19b/toolchains/llvm/prebuilt/linux-x86_64/sysroot -g -DANDROID -fdata-sections -ffunction-sections -funwind-tables -fstack-protector-strong -no-canonical-prefixes -mfpu=vfpv3-d16 -fno-addrsig -march=armv7-a -mthumb -mfpu=neon -Wa,--noexecstack -Wformat -Werror=format-security    -Wl,--exclude-libs,libgcc.a -Wl,--exclude-libs,libatomic.a -static-libstdc++ -Wl,--build-id -Wl,--warn-shared-textrel -Wl,--fatal-warnings -Wl,--exclude-libs,libunwind.a -Wl,--no-undefined -Qunused-arguments -Wl,-z,noexecstack -Wl,-z,relro -Wl,-z,now -Wl,--gc-sections   CMakeFiles/cmTC_cb370.dir/UNSIGNED_LONG.c.o  -o cmTC_cb370  -latomic -lm 
make[1]: Leaving directory '/home/t/Bureau/Ges_k0_2020.1213/.buildozer/android/platform/build-armeabi-v7a/build/other_builds/jpeg/armeabi-v7a__ndk_target_21/jpeg/CMakeFiles/CMakeTmp'



Performing C SOURCE FILE Test HAVE_BUILTIN_CTZL succeeded with the following output:
Change Dir: /home/t/Bureau/Ges_k0_2020.1213/.buildozer/android/platform/build-armeabi-v7a/build/other_builds/jpeg/armeabi-v7a__ndk_target_21/jpeg/CMakeFiles/CMakeTmp

Run Build Command(s):/usr/bin/make cmTC_740a4/fast && make -j4 -f CMakeFiles/cmTC_740a4.dir/build.make CMakeFiles/cmTC_740a4.dir/build
make[1]: Entering directory '/home/t/Bureau/Ges_k0_2020.1213/.buildozer/android/platform/build-armeabi-v7a/build/other_builds/jpeg/armeabi-v7a__ndk_target_21/jpeg/CMakeFiles/CMakeTmp'
Building C object CMakeFiles/cmTC_740a4.dir/src.c.o
/home/t/.buildozer/android/platform/android-ndk-r19b/toolchains/llvm/prebuilt/linux-x86_64/bin/clang --target=armv7-none-linux-androideabi16 --gcc-toolchain=/home/t/.buildozer/android/platform/android-ndk-r19b/toolchains/llvm/prebuilt/linux-x86_64 --sysroot=/home/t/.buildozer/android/platform/android-ndk-r19b/toolchains/llvm/prebuilt/linux-x86_64/sysroot   -g -DANDROID -fdata-sections -ffunction-sections -funwind-tables -fstack-protector-strong -no-canonical-prefixes -mfpu=vfpv3-d16 -fno-addrsig -march=armv7-a -mthumb -mfpu=neon -Wa,--noexecstack -Wformat -Werror=format-security  -DHAVE_BUILTIN_CTZL -fPIE   -o CMakeFiles/cmTC_740a4.dir/src.c.o   -c /home/t/Bureau/Ges_k0_2020.1213/.buildozer/android/platform/build-armeabi-v7a/build/other_builds/jpeg/armeabi-v7a__ndk_target_21/jpeg/CMakeFiles/CMakeTmp/src.c
Linking C executable cmTC_740a4
/usr/bin/cmake -E cmake_link_script CMakeFiles/cmTC_740a4.dir/link.txt --verbose=1
/home/t/.buildozer/android/platform/android-ndk-r19b/toolchains/llvm/prebuilt/linux-x86_64/bin/clang --target=armv7-none-linux-androideabi16 --gcc-toolchain=/home/t/.buildozer/android/platform/android-ndk-r19b/toolchains/llvm/prebuilt/linux-x86_64 --sysroot=/home/t/.buildozer/android/platform/android-ndk-r19b/toolchains/llvm/prebuilt/linux-x86_64/sysroot -g -DANDROID -fdata-sections -ffunction-sections -funwind-tables -fstack-protector-strong -no-canonical-prefixes -mfpu=vfpv3-d16 -fno-addrsig -march=armv7-a -mthumb -mfpu=neon -Wa,--noexecstack -Wformat -Werror=format-security  -DHAVE_BUILTIN_CTZL  -Wl,--exclude-libs,libgcc.a -Wl,--exclude-libs,libatomic.a -static-libstdc++ -Wl,--build-id -Wl,--warn-shared-textrel -Wl,--fatal-warnings -Wl,--exclude-libs,libunwind.a -Wl,--no-undefined -Qunused-arguments -Wl,-z,noexecstack -Wl,-z,relro -Wl,-z,now -Wl,--gc-sections   CMakeFiles/cmTC_740a4.dir/src.c.o  -o cmTC_740a4  -latomic -lm 
make[1]: Leaving directory '/home/t/Bureau/Ges_k0_2020.1213/.buildozer/android/platform/build-armeabi-v7a/build/other_builds/jpeg/armeabi-v7a__ndk_target_21/jpeg/CMakeFiles/CMakeTmp'


Source file was:
int main(int argc, char **argv) { unsigned long a = argc;  return __builtin_ctzl(a); }
Determining if files locale.h exist passed with the following output:
Change Dir: /home/t/Bureau/Ges_k0_2020.1213/.buildozer/android/platform/build-armeabi-v7a/build/other_builds/jpeg/armeabi-v7a__ndk_target_21/jpeg/CMakeFiles/CMakeTmp

Run Build Command(s):/usr/bin/make cmTC_1568c/fast && make -j4 -f CMakeFiles/cmTC_1568c.dir/build.make CMakeFiles/cmTC_1568c.dir/build
make[1]: Entering directory '/home/t/Bureau/Ges_k0_2020.1213/.buildozer/android/platform/build-armeabi-v7a/build/other_builds/jpeg/armeabi-v7a__ndk_target_21/jpeg/CMakeFiles/CMakeTmp'
Building C object CMakeFiles/cmTC_1568c.dir/HAVE_LOCALE_H.c.o
/home/t/.buildozer/android/platform/android-ndk-r19b/toolchains/llvm/prebuilt/linux-x86_64/bin/clang --target=armv7-none-linux-androideabi16 --gcc-toolchain=/home/t/.buildozer/android/platform/android-ndk-r19b/toolchains/llvm/prebuilt/linux-x86_64 --sysroot=/home/t/.buildozer/android/platform/android-ndk-r19b/toolchains/llvm/prebuilt/linux-x86_64/sysroot   -g -DANDROID -fdata-sections -ffunction-sections -funwind-tables -fstack-protector-strong -no-canonical-prefixes -mfpu=vfpv3-d16 -fno-addrsig -march=armv7-a -mthumb -mfpu=neon -Wa,--noexecstack -Wformat -Werror=format-security   -fPIE   -o CMakeFiles/cmTC_1568c.dir/HAVE_LOCALE_H.c.o   -c /home/t/Bureau/Ges_k0_2020.1213/.buildozer/android/platform/build-armeabi-v7a/build/other_builds/jpeg/armeabi-v7a__ndk_target_21/jpeg/CMakeFiles/CheckIncludeFiles/HAVE_LOCALE_H.c
Linking C executable cmTC_1568c
/usr/bin/cmake -E cmake_link_script CMakeFiles/cmTC_1568c.dir/link.txt --verbose=1
/home/t/.buildozer/android/platform/android-ndk-r19b/toolchains/llvm/prebuilt/linux-x86_64/bin/clang --target=armv7-none-linux-androideabi16 --gcc-toolchain=/home/t/.buildozer/android/platform/android-ndk-r19b/toolchains/llvm/prebuilt/linux-x86_64 --sysroot=/home/t/.buildozer/android/platform/android-ndk-r19b/toolchains/llvm/prebuilt/linux-x86_64/sysroot -g -DANDROID -fdata-sections -ffunction-sections -funwind-tables -fstack-protector-strong -no-canonical-prefixes -mfpu=vfpv3-d16 -fno-addrsig -march=armv7-a -mthumb -mfpu=neon -Wa,--noexecstack -Wformat -Werror=format-security    -Wl,--exclude-libs,libgcc.a -Wl,--exclude-libs,libatomic.a -static-libstdc++ -Wl,--build-id -Wl,--warn-shared-textrel -Wl,--fatal-warnings -Wl,--exclude-libs,libunwind.a -Wl,--no-undefined -Qunused-arguments -Wl,-z,noexecstack -Wl,-z,relro -Wl,-z,now -Wl,--gc-sections   CMakeFiles/cmTC_1568c.dir/HAVE_LOCALE_H.c.o  -o cmTC_1568c  -latomic -lm 
make[1]: Leaving directory '/home/t/Bureau/Ges_k0_2020.1213/.buildozer/android/platform/build-armeabi-v7a/build/other_builds/jpeg/armeabi-v7a__ndk_target_21/jpeg/CMakeFiles/CMakeTmp'



Determining if files stdlib.h exist passed with the following output:
Change Dir: /home/t/Bureau/Ges_k0_2020.1213/.buildozer/android/platform/build-armeabi-v7a/build/other_builds/jpeg/armeabi-v7a__ndk_target_21/jpeg/CMakeFiles/CMakeTmp

Run Build Command(s):/usr/bin/make cmTC_9c49d/fast && make -j4 -f CMakeFiles/cmTC_9c49d.dir/build.make CMakeFiles/cmTC_9c49d.dir/build
make[1]: Entering directory '/home/t/Bureau/Ges_k0_2020.1213/.buildozer/android/platform/build-armeabi-v7a/build/other_builds/jpeg/armeabi-v7a__ndk_target_21/jpeg/CMakeFiles/CMakeTmp'
Building C object CMakeFiles/cmTC_9c49d.dir/HAVE_STDLIB_H.c.o
/home/t/.buildozer/android/platform/android-ndk-r19b/toolchains/llvm/prebuilt/linux-x86_64/bin/clang --target=armv7-none-linux-androideabi16 --gcc-toolchain=/home/t/.buildozer/android/platform/android-ndk-r19b/toolchains/llvm/prebuilt/linux-x86_64 --sysroot=/home/t/.buildozer/android/platform/android-ndk-r19b/toolchains/llvm/prebuilt/linux-x86_64/sysroot   -g -DANDROID -fdata-sections -ffunction-sections -funwind-tables -fstack-protector-strong -no-canonical-prefixes -mfpu=vfpv3-d16 -fno-addrsig -march=armv7-a -mthumb -mfpu=neon -Wa,--noexecstack -Wformat -Werror=format-security   -fPIE   -o CMakeFiles/cmTC_9c49d.dir/HAVE_STDLIB_H.c.o   -c /home/t/Bureau/Ges_k0_2020.1213/.buildozer/android/platform/build-armeabi-v7a/build/other_builds/jpeg/armeabi-v7a__ndk_target_21/jpeg/CMakeFiles/CheckIncludeFiles/HAVE_STDLIB_H.c
Linking C executable cmTC_9c49d
/usr/bin/cmake -E cmake_link_script CMakeFiles/cmTC_9c49d.dir/link.txt --verbose=1
/home/t/.buildozer/android/platform/android-ndk-r19b/toolchains/llvm/prebuilt/linux-x86_64/bin/clang --target=armv7-none-linux-androideabi16 --gcc-toolchain=/home/t/.buildozer/android/platform/android-ndk-r19b/toolchains/llvm/prebuilt/linux-x86_64 --sysroot=/home/t/.buildozer/android/platform/android-ndk-r19b/toolchains/llvm/prebuilt/linux-x86_64/sysroot -g -DANDROID -fdata-sections -ffunction-sections -funwind-tables -fstack-protector-strong -no-canonical-prefixes -mfpu=vfpv3-d16 -fno-addrsig -march=armv7-a -mthumb -mfpu=neon -Wa,--noexecstack -Wformat -Werror=format-security    -Wl,--exclude-libs,libgcc.a -Wl,--exclude-libs,libatomic.a -static-libstdc++ -Wl,--build-id -Wl,--warn-shared-textrel -Wl,--fatal-warnings -Wl,--exclude-libs,libunwind.a -Wl,--no-undefined -Qunused-arguments -Wl,-z,noexecstack -Wl,-z,relro -Wl,-z,now -Wl,--gc-sections   CMakeFiles/cmTC_9c49d.dir/HAVE_STDLIB_H.c.o  -o cmTC_9c49d  -latomic -lm 
make[1]: Leaving directory '/home/t/Bureau/Ges_k0_2020.1213/.buildozer/android/platform/build-armeabi-v7a/build/other_builds/jpeg/armeabi-v7a__ndk_target_21/jpeg/CMakeFiles/CMakeTmp'



Determining if files sys/types.h exist passed with the following output:
Change Dir: /home/t/Bureau/Ges_k0_2020.1213/.buildozer/android/platform/build-armeabi-v7a/build/other_builds/jpeg/armeabi-v7a__ndk_target_21/jpeg/CMakeFiles/CMakeTmp

Run Build Command(s):/usr/bin/make cmTC_c6988/fast && make -j4 -f CMakeFiles/cmTC_c6988.dir/build.make CMakeFiles/cmTC_c6988.dir/build
make[1]: Entering directory '/home/t/Bureau/Ges_k0_2020.1213/.buildozer/android/platform/build-armeabi-v7a/build/other_builds/jpeg/armeabi-v7a__ndk_target_21/jpeg/CMakeFiles/CMakeTmp'
Building C object CMakeFiles/cmTC_c6988.dir/NEED_SYS_TYPES_H.c.o
/home/t/.buildozer/android/platform/android-ndk-r19b/toolchains/llvm/prebuilt/linux-x86_64/bin/clang --target=armv7-none-linux-androideabi16 --gcc-toolchain=/home/t/.buildozer/android/platform/android-ndk-r19b/toolchains/llvm/prebuilt/linux-x86_64 --sysroot=/home/t/.buildozer/android/platform/android-ndk-r19b/toolchains/llvm/prebuilt/linux-x86_64/sysroot   -g -DANDROID -fdata-sections -ffunction-sections -funwind-tables -fstack-protector-strong -no-canonical-prefixes -mfpu=vfpv3-d16 -fno-addrsig -march=armv7-a -mthumb -mfpu=neon -Wa,--noexecstack -Wformat -Werror=format-security   -fPIE   -o CMakeFiles/cmTC_c6988.dir/NEED_SYS_TYPES_H.c.o   -c /home/t/Bureau/Ges_k0_2020.1213/.buildozer/android/platform/build-armeabi-v7a/build/other_builds/jpeg/armeabi-v7a__ndk_target_21/jpeg/CMakeFiles/CheckIncludeFiles/NEED_SYS_TYPES_H.c
Linking C executable cmTC_c6988
/usr/bin/cmake -E cmake_link_script CMakeFiles/cmTC_c6988.dir/link.txt --verbose=1
/home/t/.buildozer/android/platform/android-ndk-r19b/toolchains/llvm/prebuilt/linux-x86_64/bin/clang --target=armv7-none-linux-androideabi16 --gcc-toolchain=/home/t/.buildozer/android/platform/android-ndk-r19b/toolchains/llvm/prebuilt/linux-x86_64 --sysroot=/home/t/.buildozer/android/platform/android-ndk-r19b/toolchains/llvm/prebuilt/linux-x86_64/sysroot -g -DANDROID -fdata-sections -ffunction-sections -funwind-tables -fstack-protector-strong -no-canonical-prefixes -mfpu=vfpv3-d16 -fno-addrsig -march=armv7-a -mthumb -mfpu=neon -Wa,--noexecstack -Wformat -Werror=format-security    -Wl,--exclude-libs,libgcc.a -Wl,--exclude-libs,libatomic.a -static-libstdc++ -Wl,--build-id -Wl,--warn-shared-textrel -Wl,--fatal-warnings -Wl,--exclude-libs,libunwind.a -Wl,--no-undefined -Qunused-arguments -Wl,-z,noexecstack -Wl,-z,relro -Wl,-z,now -Wl,--gc-sections   CMakeFiles/cmTC_c6988.dir/NEED_SYS_TYPES_H.c.o  -o cmTC_c6988  -latomic -lm 
make[1]: Leaving directory '/home/t/Bureau/Ges_k0_2020.1213/.buildozer/android/platform/build-armeabi-v7a/build/other_builds/jpeg/armeabi-v7a__ndk_target_21/jpeg/CMakeFiles/CMakeTmp'



Determining if the memset exist passed with the following output:
Change Dir: /home/t/Bureau/Ges_k0_2020.1213/.buildozer/android/platform/build-armeabi-v7a/build/other_builds/jpeg/armeabi-v7a__ndk_target_21/jpeg/CMakeFiles/CMakeTmp

Run Build Command(s):/usr/bin/make cmTC_43d15/fast && make -j4 -f CMakeFiles/cmTC_43d15.dir/build.make CMakeFiles/cmTC_43d15.dir/build
make[1]: Entering directory '/home/t/Bureau/Ges_k0_2020.1213/.buildozer/android/platform/build-armeabi-v7a/build/other_builds/jpeg/armeabi-v7a__ndk_target_21/jpeg/CMakeFiles/CMakeTmp'
Building C object CMakeFiles/cmTC_43d15.dir/CheckSymbolExists.c.o
/home/t/.buildozer/android/platform/android-ndk-r19b/toolchains/llvm/prebuilt/linux-x86_64/bin/clang --target=armv7-none-linux-androideabi16 --gcc-toolchain=/home/t/.buildozer/android/platform/android-ndk-r19b/toolchains/llvm/prebuilt/linux-x86_64 --sysroot=/home/t/.buildozer/android/platform/android-ndk-r19b/toolchains/llvm/prebuilt/linux-x86_64/sysroot   -g -DANDROID -fdata-sections -ffunction-sections -funwind-tables -fstack-protector-strong -no-canonical-prefixes -mfpu=vfpv3-d16 -fno-addrsig -march=armv7-a -mthumb -mfpu=neon -Wa,--noexecstack -Wformat -Werror=format-security   -fPIE   -o CMakeFiles/cmTC_43d15.dir/CheckSymbolExists.c.o   -c /home/t/Bureau/Ges_k0_2020.1213/.buildozer/android/platform/build-armeabi-v7a/build/other_builds/jpeg/armeabi-v7a__ndk_target_21/jpeg/CMakeFiles/CMakeTmp/CheckSymbolExists.c
Linking C executable cmTC_43d15
/usr/bin/cmake -E cmake_link_script CMakeFiles/cmTC_43d15.dir/link.txt --verbose=1
/home/t/.buildozer/android/platform/android-ndk-r19b/toolchains/llvm/prebuilt/linux-x86_64/bin/clang --target=armv7-none-linux-androideabi16 --gcc-toolchain=/home/t/.buildozer/android/platform/android-ndk-r19b/toolchains/llvm/prebuilt/linux-x86_64 --sysroot=/home/t/.buildozer/android/platform/android-ndk-r19b/toolchains/llvm/prebuilt/linux-x86_64/sysroot -g -DANDROID -fdata-sections -ffunction-sections -funwind-tables -fstack-protector-strong -no-canonical-prefixes -mfpu=vfpv3-d16 -fno-addrsig -march=armv7-a -mthumb -mfpu=neon -Wa,--noexecstack -Wformat -Werror=format-security    -Wl,--exclude-libs,libgcc.a -Wl,--exclude-libs,libatomic.a -static-libstdc++ -Wl,--build-id -Wl,--warn-shared-textrel -Wl,--fatal-warnings -Wl,--exclude-libs,libunwind.a -Wl,--no-undefined -Qunused-arguments -Wl,-z,noexecstack -Wl,-z,relro -Wl,-z,now -Wl,--gc-sections   CMakeFiles/cmTC_43d15.dir/CheckSymbolExists.c.o  -o cmTC_43d15  -latomic -lm 
make[1]: Leaving directory '/home/t/Bureau/Ges_k0_2020.1213/.buildozer/android/platform/build-armeabi-v7a/build/other_builds/jpeg/armeabi-v7a__ndk_target_21/jpeg/CMakeFiles/CMakeTmp'


File /home/t/Bureau/Ges_k0_2020.1213/.buildozer/android/platform/build-armeabi-v7a/build/other_builds/jpeg/armeabi-v7a__ndk_target_21/jpeg/CMakeFiles/CMakeTmp/CheckSymbolExists.c:
/* */
#include <string.h>

int main(int argc, char** argv)
{
  (void)argv;
#ifndef memset
  return ((int*)(&memset))[argc];
#else
  (void)argc;
  return 0;
#endif
}
Determining if the memcpy exist passed with the following output:
Change Dir: /home/t/Bureau/Ges_k0_2020.1213/.buildozer/android/platform/build-armeabi-v7a/build/other_builds/jpeg/armeabi-v7a__ndk_target_21/jpeg/CMakeFiles/CMakeTmp

Run Build Command(s):/usr/bin/make cmTC_0f244/fast && make -j4 -f CMakeFiles/cmTC_0f244.dir/build.make CMakeFiles/cmTC_0f244.dir/build
make[1]: Entering directory '/home/t/Bureau/Ges_k0_2020.1213/.buildozer/android/platform/build-armeabi-v7a/build/other_builds/jpeg/armeabi-v7a__ndk_target_21/jpeg/CMakeFiles/CMakeTmp'
Building C object CMakeFiles/cmTC_0f244.dir/CheckSymbolExists.c.o
/home/t/.buildozer/android/platform/android-ndk-r19b/toolchains/llvm/prebuilt/linux-x86_64/bin/clang --target=armv7-none-linux-androideabi16 --gcc-toolchain=/home/t/.buildozer/android/platform/android-ndk-r19b/toolchains/llvm/prebuilt/linux-x86_64 --sysroot=/home/t/.buildozer/android/platform/android-ndk-r19b/toolchains/llvm/prebuilt/linux-x86_64/sysroot   -g -DANDROID -fdata-sections -ffunction-sections -funwind-tables -fstack-protector-strong -no-canonical-prefixes -mfpu=vfpv3-d16 -fno-addrsig -march=armv7-a -mthumb -mfpu=neon -Wa,--noexecstack -Wformat -Werror=format-security   -fPIE   -o CMakeFiles/cmTC_0f244.dir/CheckSymbolExists.c.o   -c /home/t/Bureau/Ges_k0_2020.1213/.buildozer/android/platform/build-armeabi-v7a/build/other_builds/jpeg/armeabi-v7a__ndk_target_21/jpeg/CMakeFiles/CMakeTmp/CheckSymbolExists.c
Linking C executable cmTC_0f244
/usr/bin/cmake -E cmake_link_script CMakeFiles/cmTC_0f244.dir/link.txt --verbose=1
/home/t/.buildozer/android/platform/android-ndk-r19b/toolchains/llvm/prebuilt/linux-x86_64/bin/clang --target=armv7-none-linux-androideabi16 --gcc-toolchain=/home/t/.buildozer/android/platform/android-ndk-r19b/toolchains/llvm/prebuilt/linux-x86_64 --sysroot=/home/t/.buildozer/android/platform/android-ndk-r19b/toolchains/llvm/prebuilt/linux-x86_64/sysroot -g -DANDROID -fdata-sections -ffunction-sections -funwind-tables -fstack-protector-strong -no-canonical-prefixes -mfpu=vfpv3-d16 -fno-addrsig -march=armv7-a -mthumb -mfpu=neon -Wa,--noexecstack -Wformat -Werror=format-security    -Wl,--exclude-libs,libgcc.a -Wl,--exclude-libs,libatomic.a -static-libstdc++ -Wl,--build-id -Wl,--warn-shared-textrel -Wl,--fatal-warnings -Wl,--exclude-libs,libunwind.a -Wl,--no-undefined -Qunused-arguments -Wl,-z,noexecstack -Wl,-z,relro -Wl,-z,now -Wl,--gc-sections   CMakeFiles/cmTC_0f244.dir/CheckSymbolExists.c.o  -o cmTC_0f244  -latomic -lm 
make[1]: Leaving directory '/home/t/Bureau/Ges_k0_2020.1213/.buildozer/android/platform/build-armeabi-v7a/build/other_builds/jpeg/armeabi-v7a__ndk_target_21/jpeg/CMakeFiles/CMakeTmp'


File /home/t/Bureau/Ges_k0_2020.1213/.buildozer/android/platform/build-armeabi-v7a/build/other_builds/jpeg/armeabi-v7a__ndk_target_21/jpeg/CMakeFiles/CMakeTmp/CheckSymbolExists.c:
/* */
#include <string.h>

int main(int argc, char** argv)
{
  (void)argv;
#ifndef memcpy
  return ((int*)(&memcpy))[argc];
#else
  (void)argc;
  return 0;
#endif
}
Determining size of unsigned char passed with the following output:
Change Dir: /home/t/Bureau/Ges_k0_2020.1213/.buildozer/android/platform/build-armeabi-v7a/build/other_builds/jpeg/armeabi-v7a__ndk_target_21/jpeg/CMakeFiles/CMakeTmp

Run Build Command(s):/usr/bin/make cmTC_810b6/fast && make -j4 -f CMakeFiles/cmTC_810b6.dir/build.make CMakeFiles/cmTC_810b6.dir/build
make[1]: Entering directory '/home/t/Bureau/Ges_k0_2020.1213/.buildozer/android/platform/build-armeabi-v7a/build/other_builds/jpeg/armeabi-v7a__ndk_target_21/jpeg/CMakeFiles/CMakeTmp'
Building C object CMakeFiles/cmTC_810b6.dir/UNSIGNED_CHAR.c.o
/home/t/.buildozer/android/platform/android-ndk-r19b/toolchains/llvm/prebuilt/linux-x86_64/bin/clang --target=armv7-none-linux-androideabi16 --gcc-toolchain=/home/t/.buildozer/android/platform/android-ndk-r19b/toolchains/llvm/prebuilt/linux-x86_64 --sysroot=/home/t/.buildozer/android/platform/android-ndk-r19b/toolchains/llvm/prebuilt/linux-x86_64/sysroot   -g -DANDROID -fdata-sections -ffunction-sections -funwind-tables -fstack-protector-strong -no-canonical-prefixes -mfpu=vfpv3-d16 -fno-addrsig -march=armv7-a -mthumb -mfpu=neon -Wa,--noexecstack -Wformat -Werror=format-security   -fPIE   -o CMakeFiles/cmTC_810b6.dir/UNSIGNED_CHAR.c.o   -c /home/t/Bureau/Ges_k0_2020.1213/.buildozer/android/platform/build-armeabi-v7a/build/other_builds/jpeg/armeabi-v7a__ndk_target_21/jpeg/CMakeFiles/CheckTypeSize/UNSIGNED_CHAR.c
Linking C executable cmTC_810b6
/usr/bin/cmake -E cmake_link_script CMakeFiles/cmTC_810b6.dir/link.txt --verbose=1
/home/t/.buildozer/android/platform/android-ndk-r19b/toolchains/llvm/prebuilt/linux-x86_64/bin/clang --target=armv7-none-linux-androideabi16 --gcc-toolchain=/home/t/.buildozer/android/platform/android-ndk-r19b/toolchains/llvm/prebuilt/linux-x86_64 --sysroot=/home/t/.buildozer/android/platform/android-ndk-r19b/toolchains/llvm/prebuilt/linux-x86_64/sysroot -g -DANDROID -fdata-sections -ffunction-sections -funwind-tables -fstack-protector-strong -no-canonical-prefixes -mfpu=vfpv3-d16 -fno-addrsig -march=armv7-a -mthumb -mfpu=neon -Wa,--noexecstack -Wformat -Werror=format-security    -Wl,--exclude-libs,libgcc.a -Wl,--exclude-libs,libatomic.a -static-libstdc++ -Wl,--build-id -Wl,--warn-shared-textrel -Wl,--fatal-warnings -Wl,--exclude-libs,libunwind.a -Wl,--no-undefined -Qunused-arguments -Wl,-z,noexecstack -Wl,-z,relro -Wl,-z,now -Wl,--gc-sections   CMakeFiles/cmTC_810b6.dir/UNSIGNED_CHAR.c.o  -o cmTC_810b6  -latomic -lm 
make[1]: Leaving directory '/home/t/Bureau/Ges_k0_2020.1213/.buildozer/android/platform/build-armeabi-v7a/build/other_builds/jpeg/armeabi-v7a__ndk_target_21/jpeg/CMakeFiles/CMakeTmp'



Determining size of unsigned short passed with the following output:
Change Dir: /home/t/Bureau/Ges_k0_2020.1213/.buildozer/android/platform/build-armeabi-v7a/build/other_builds/jpeg/armeabi-v7a__ndk_target_21/jpeg/CMakeFiles/CMakeTmp

Run Build Command(s):/usr/bin/make cmTC_a4582/fast && make -j4 -f CMakeFiles/cmTC_a4582.dir/build.make CMakeFiles/cmTC_a4582.dir/build
make[1]: Entering directory '/home/t/Bureau/Ges_k0_2020.1213/.buildozer/android/platform/build-armeabi-v7a/build/other_builds/jpeg/armeabi-v7a__ndk_target_21/jpeg/CMakeFiles/CMakeTmp'
Building C object CMakeFiles/cmTC_a4582.dir/UNSIGNED_SHORT.c.o
/home/t/.buildozer/android/platform/android-ndk-r19b/toolchains/llvm/prebuilt/linux-x86_64/bin/clang --target=armv7-none-linux-androideabi16 --gcc-toolchain=/home/t/.buildozer/android/platform/android-ndk-r19b/toolchains/llvm/prebuilt/linux-x86_64 --sysroot=/home/t/.buildozer/android/platform/android-ndk-r19b/toolchains/llvm/prebuilt/linux-x86_64/sysroot   -g -DANDROID -fdata-sections -ffunction-sections -funwind-tables -fstack-protector-strong -no-canonical-prefixes -mfpu=vfpv3-d16 -fno-addrsig -march=armv7-a -mthumb -mfpu=neon -Wa,--noexecstack -Wformat -Werror=format-security   -fPIE   -o CMakeFiles/cmTC_a4582.dir/UNSIGNED_SHORT.c.o   -c /home/t/Bureau/Ges_k0_2020.1213/.buildozer/android/platform/build-armeabi-v7a/build/other_builds/jpeg/armeabi-v7a__ndk_target_21/jpeg/CMakeFiles/CheckTypeSize/UNSIGNED_SHORT.c
Linking C executable cmTC_a4582
/usr/bin/cmake -E cmake_link_script CMakeFiles/cmTC_a4582.dir/link.txt --verbose=1
/home/t/.buildozer/android/platform/android-ndk-r19b/toolchains/llvm/prebuilt/linux-x86_64/bin/clang --target=armv7-none-linux-androideabi16 --gcc-toolchain=/home/t/.buildozer/android/platform/android-ndk-r19b/toolchains/llvm/prebuilt/linux-x86_64 --sysroot=/home/t/.buildozer/android/platform/android-ndk-r19b/toolchains/llvm/prebuilt/linux-x86_64/sysroot -g -DANDROID -fdata-sections -ffunction-sections -funwind-tables -fstack-protector-strong -no-canonical-prefixes -mfpu=vfpv3-d16 -fno-addrsig -march=armv7-a -mthumb -mfpu=neon -Wa,--noexecstack -Wformat -Werror=format-security    -Wl,--exclude-libs,libgcc.a -Wl,--exclude-libs,libatomic.a -static-libstdc++ -Wl,--build-id -Wl,--warn-shared-textrel -Wl,--fatal-warnings -Wl,--exclude-libs,libunwind.a -Wl,--no-undefined -Qunused-arguments -Wl,-z,noexecstack -Wl,-z,relro -Wl,-z,now -Wl,--gc-sections   CMakeFiles/cmTC_a4582.dir/UNSIGNED_SHORT.c.o  -o cmTC_a4582  -latomic -lm 
make[1]: Leaving directory '/home/t/Bureau/Ges_k0_2020.1213/.buildozer/android/platform/build-armeabi-v7a/build/other_builds/jpeg/armeabi-v7a__ndk_target_21/jpeg/CMakeFiles/CMakeTmp'



Performing C SOURCE FILE Test INCOMPLETE_TYPES succeeded with the following output:
Change Dir: /home/t/Bureau/Ges_k0_2020.1213/.buildozer/android/platform/build-armeabi-v7a/build/other_builds/jpeg/armeabi-v7a__ndk_target_21/jpeg/CMakeFiles/CMakeTmp

Run Build Command(s):/usr/bin/make cmTC_cc06a/fast && make -j4 -f CMakeFiles/cmTC_cc06a.dir/build.make CMakeFiles/cmTC_cc06a.dir/build
make[1]: Entering directory '/home/t/Bureau/Ges_k0_2020.1213/.buildozer/android/platform/build-armeabi-v7a/build/other_builds/jpeg/armeabi-v7a__ndk_target_21/jpeg/CMakeFiles/CMakeTmp'
Building C object CMakeFiles/cmTC_cc06a.dir/src.c.o
/home/t/.buildozer/android/platform/android-ndk-r19b/toolchains/llvm/prebuilt/linux-x86_64/bin/clang --target=armv7-none-linux-androideabi16 --gcc-toolchain=/home/t/.buildozer/android/platform/android-ndk-r19b/toolchains/llvm/prebuilt/linux-x86_64 --sysroot=/home/t/.buildozer/android/platform/android-ndk-r19b/toolchains/llvm/prebuilt/linux-x86_64/sysroot   -g -DANDROID -fdata-sections -ffunction-sections -funwind-tables -fstack-protector-strong -no-canonical-prefixes -mfpu=vfpv3-d16 -fno-addrsig -march=armv7-a -mthumb -mfpu=neon -Wa,--noexecstack -Wformat -Werror=format-security  -DINCOMPLETE_TYPES -fPIE   -o CMakeFiles/cmTC_cc06a.dir/src.c.o   -c /home/t/Bureau/Ges_k0_2020.1213/.buildozer/android/platform/build-armeabi-v7a/build/other_builds/jpeg/armeabi-v7a__ndk_target_21/jpeg/CMakeFiles/CMakeTmp/src.c
Linking C executable cmTC_cc06a
/usr/bin/cmake -E cmake_link_script CMakeFiles/cmTC_cc06a.dir/link.txt --verbose=1
/home/t/.buildozer/android/platform/android-ndk-r19b/toolchains/llvm/prebuilt/linux-x86_64/bin/clang --target=armv7-none-linux-androideabi16 --gcc-toolchain=/home/t/.buildozer/android/platform/android-ndk-r19b/toolchains/llvm/prebuilt/linux-x86_64 --sysroot=/home/t/.buildozer/android/platform/android-ndk-r19b/toolchains/llvm/prebuilt/linux-x86_64/sysroot -g -DANDROID -fdata-sections -ffunction-sections -funwind-tables -fstack-protector-strong -no-canonical-prefixes -mfpu=vfpv3-d16 -fno-addrsig -march=armv7-a -mthumb -mfpu=neon -Wa,--noexecstack -Wformat -Werror=format-security  -DINCOMPLETE_TYPES  -Wl,--exclude-libs,libgcc.a -Wl,--exclude-libs,libatomic.a -static-libstdc++ -Wl,--build-id -Wl,--warn-shared-textrel -Wl,--fatal-warnings -Wl,--exclude-libs,libunwind.a -Wl,--no-undefined -Qunused-arguments -Wl,-z,noexecstack -Wl,-z,relro -Wl,-z,now -Wl,--gc-sections   CMakeFiles/cmTC_cc06a.dir/src.c.o  -o cmTC_cc06a  -latomic -lm 
make[1]: Leaving directory '/home/t/Bureau/Ges_k0_2020.1213/.buildozer/android/platform/build-armeabi-v7a/build/other_builds/jpeg/armeabi-v7a__ndk_target_21/jpeg/CMakeFiles/CMakeTmp'


Source file was:
int main(void) { typedef struct undefined_structure *undef_struct_ptr;  undef_struct_ptr ptr = 0;  return ptr != 0; }
Performing C SOURCE FILE Test INLINE_WORKS succeeded with the following output:
Change Dir: /home/t/Bureau/Ges_k0_2020.1213/.buildozer/android/platform/build-armeabi-v7a/build/other_builds/jpeg/armeabi-v7a__ndk_target_21/jpeg/CMakeFiles/CMakeTmp

Run Build Command(s):/usr/bin/make cmTC_d3279/fast && make -j4 -f CMakeFiles/cmTC_d3279.dir/build.make CMakeFiles/cmTC_d3279.dir/build
make[1]: Entering directory '/home/t/Bureau/Ges_k0_2020.1213/.buildozer/android/platform/build-armeabi-v7a/build/other_builds/jpeg/armeabi-v7a__ndk_target_21/jpeg/CMakeFiles/CMakeTmp'
Building C object CMakeFiles/cmTC_d3279.dir/src.c.o
/home/t/.buildozer/android/platform/android-ndk-r19b/toolchains/llvm/prebuilt/linux-x86_64/bin/clang --target=armv7-none-linux-androideabi16 --gcc-toolchain=/home/t/.buildozer/android/platform/android-ndk-r19b/toolchains/llvm/prebuilt/linux-x86_64 --sysroot=/home/t/.buildozer/android/platform/android-ndk-r19b/toolchains/llvm/prebuilt/linux-x86_64/sysroot   -g -DANDROID -fdata-sections -ffunction-sections -funwind-tables -fstack-protector-strong -no-canonical-prefixes -mfpu=vfpv3-d16 -fno-addrsig -march=armv7-a -mthumb -mfpu=neon -Wa,--noexecstack -Wformat -Werror=format-security  -DINLINE_WORKS -fPIE   -o CMakeFiles/cmTC_d3279.dir/src.c.o   -c /home/t/Bureau/Ges_k0_2020.1213/.buildozer/android/platform/build-armeabi-v7a/build/other_builds/jpeg/armeabi-v7a__ndk_target_21/jpeg/CMakeFiles/CMakeTmp/src.c
Linking C executable cmTC_d3279
/usr/bin/cmake -E cmake_link_script CMakeFiles/cmTC_d3279.dir/link.txt --verbose=1
/home/t/.buildozer/android/platform/android-ndk-r19b/toolchains/llvm/prebuilt/linux-x86_64/bin/clang --target=armv7-none-linux-androideabi16 --gcc-toolchain=/home/t/.buildozer/android/platform/android-ndk-r19b/toolchains/llvm/prebuilt/linux-x86_64 --sysroot=/home/t/.buildozer/android/platform/android-ndk-r19b/toolchains/llvm/prebuilt/linux-x86_64/sysroot -g -DANDROID -fdata-sections -ffunction-sections -funwind-tables -fstack-protector-strong -no-canonical-prefixes -mfpu=vfpv3-d16 -fno-addrsig -march=armv7-a -mthumb -mfpu=neon -Wa,--noexecstack -Wformat -Werror=format-security  -DINLINE_WORKS  -Wl,--exclude-libs,libgcc.a -Wl,--exclude-libs,libatomic.a -static-libstdc++ -Wl,--build-id -Wl,--warn-shared-textrel -Wl,--fatal-warnings -Wl,--exclude-libs,libunwind.a -Wl,--no-undefined -Qunused-arguments -Wl,-z,noexecstack -Wl,-z,relro -Wl,-z,now -Wl,--gc-sections   CMakeFiles/cmTC_d3279.dir/src.c.o  -o cmTC_d3279  -latomic -lm 
make[1]: Leaving directory '/home/t/Bureau/Ges_k0_2020.1213/.buildozer/android/platform/build-armeabi-v7a/build/other_builds/jpeg/armeabi-v7a__ndk_target_21/jpeg/CMakeFiles/CMakeTmp'


Source file was:
__inline__ __attribute__((always_inline)) static int foo(void) { return 0; } int main(void) { return foo(); }
Performing C SOURCE FILE Test HAVE_VERSION_SCRIPT succeeded with the following output:
Change Dir: /home/t/Bureau/Ges_k0_2020.1213/.buildozer/android/platform/build-armeabi-v7a/build/other_builds/jpeg/armeabi-v7a__ndk_target_21/jpeg/CMakeFiles/CMakeTmp

Run Build Command(s):/usr/bin/make cmTC_75403/fast && make -j4 -f CMakeFiles/cmTC_75403.dir/build.make CMakeFiles/cmTC_75403.dir/build
make[1]: Entering directory '/home/t/Bureau/Ges_k0_2020.1213/.buildozer/android/platform/build-armeabi-v7a/build/other_builds/jpeg/armeabi-v7a__ndk_target_21/jpeg/CMakeFiles/CMakeTmp'
Building C object CMakeFiles/cmTC_75403.dir/src.c.o
/home/t/.buildozer/android/platform/android-ndk-r19b/toolchains/llvm/prebuilt/linux-x86_64/bin/clang --target=armv7-none-linux-androideabi16 --gcc-toolchain=/home/t/.buildozer/android/platform/android-ndk-r19b/toolchains/llvm/prebuilt/linux-x86_64 --sysroot=/home/t/.buildozer/android/platform/android-ndk-r19b/toolchains/llvm/prebuilt/linux-x86_64/sysroot   -g -DANDROID -fdata-sections -ffunction-sections -funwind-tables -fstack-protector-strong -no-canonical-prefixes -mfpu=vfpv3-d16 -fno-addrsig -march=armv7-a -mthumb -mfpu=neon -Wa,--noexecstack -Wformat -Werror=format-security  -DHAVE_VERSION_SCRIPT -Wl,--version-script,/home/t/Bureau/Ges_k0_2020.1213/.buildozer/android/platform/build-armeabi-v7a/build/other_builds/jpeg/armeabi-v7a__ndk_target_21/jpeg/conftest.map -fPIE   -o CMakeFiles/cmTC_75403.dir/src.c.o   -c /home/t/Bureau/Ges_k0_2020.1213/.buildozer/android/platform/build-armeabi-v7a/build/other_builds/jpeg/armeabi-v7a__ndk_target_21/jpeg/CMakeFiles/CMakeTmp/src.c
clang: warning: -Wl,--version-script,/home/t/Bureau/Ges_k0_2020.1213/.buildozer/android/platform/build-armeabi-v7a/build/other_builds/jpeg/armeabi-v7a__ndk_target_21/jpeg/conftest.map: 'linker' input unused [-Wunused-command-line-argument]
Linking C executable cmTC_75403
/usr/bin/cmake -E cmake_link_script CMakeFiles/cmTC_75403.dir/link.txt --verbose=1
/home/t/.buildozer/android/platform/android-ndk-r19b/toolchains/llvm/prebuilt/linux-x86_64/bin/clang --target=armv7-none-linux-androideabi16 --gcc-toolchain=/home/t/.buildozer/android/platform/android-ndk-r19b/toolchains/llvm/prebuilt/linux-x86_64 --sysroot=/home/t/.buildozer/android/platform/android-ndk-r19b/toolchains/llvm/prebuilt/linux-x86_64/sysroot -g -DANDROID -fdata-sections -ffunction-sections -funwind-tables -fstack-protector-strong -no-canonical-prefixes -mfpu=vfpv3-d16 -fno-addrsig -march=armv7-a -mthumb -mfpu=neon -Wa,--noexecstack -Wformat -Werror=format-security  -DHAVE_VERSION_SCRIPT -Wl,--version-script,/home/t/Bureau/Ges_k0_2020.1213/.buildozer/android/platform/build-armeabi-v7a/build/other_builds/jpeg/armeabi-v7a__ndk_target_21/jpeg/conftest.map  -Wl,--exclude-libs,libgcc.a -Wl,--exclude-libs,libatomic.a -static-libstdc++ -Wl,--build-id -Wl,--warn-shared-textrel -Wl,--fatal-warnings -Wl,--exclude-libs,libunwind.a -Wl,--no-undefined -Qunused-arguments -Wl,-z,noexecstack -Wl,-z,relro -Wl,-z,now -Wl,--gc-sections   CMakeFiles/cmTC_75403.dir/src.c.o  -o cmTC_75403  -latomic -lm 
make[1]: Leaving directory '/home/t/Bureau/Ges_k0_2020.1213/.buildozer/android/platform/build-armeabi-v7a/build/other_builds/jpeg/armeabi-v7a__ndk_target_21/jpeg/CMakeFiles/CMakeTmp'


Source file was:
int main(void) { return 0; }
Checking whether the ASM compiler is Clang using "--version" matched "(clang version)":
Android (5058415 based on r339409) clang version 8.0.2 (https://android.googlesource.com/toolchain/clang 40173bab62ec746213857d083c0e8b0abb568790) (https://android.googlesource.com/toolchain/llvm 7a6618d69e7e8111e1d49dc9e7813767c5ca756a) (based on LLVM 8.0.2svn)
Target: x86_64-unknown-linux-gnu
Thread model: posix
InstalledDir: /home/t/.buildozer/android/platform/android-ndk-r19b/toolchains/llvm/prebuilt/linux-x86_64/bin
